#-----------------------------------------------------------
# Webtalk v2019.1 (64-bit)
# SW Build 2552052 on Fri May 24 14:49:42 MDT 2019
# 
# Start of session at: Tue Aug 25 21:41:28 2020
# Process ID: 31476
# Current directory: F:/BP_PROJ/BP_RD_SYS/BP_RD_SYS.sdk/webtalk
# Command line: wbtcv.exe -mode batch -source sdk_webtalk.tcl
# Log file: F:/BP_PROJ/BP_RD_SYS/BP_RD_SYS.sdk/webtalk/webtalk.log
# Journal file: F:/BP_PROJ/BP_RD_SYS/BP_RD_SYS.sdk/webtalk\webtalk.jou
#-----------------------------------------------------------
source sdk_webtalk.tcl
# webtalk_init -webtalk_dir F:\\BP_PROJ\\BP_RD_SYS\\BP_RD_SYS.sdk\\webtalk
# webtalk_register_client -client project
# webtalk_add_data -client project -key date_generated -value "2020-08-25 21:41:27" -context "software_version_and_target_device"
# webtalk_add_data -client project -key product_version -value "SDK v2019.1" -context "software_version_and_target_device"
# webtalk_add_data -client project -key build_version -value "2019.1" -context "software_version_and_target_device"
# webtalk_add_data -client project -key os_platform -value "amd64" -context "software_version_and_target_device"
# webtalk_add_data -client project -key registration_id -value "211448388_1777530313_210720032_620" -context "software_version_and_target_device"
# webtalk_add_data -client project -key tool_flow -value "SDK" -context "software_version_and_target_device"
# webtalk_add_data -client project -key beta -value "false" -context "software_version_and_target_device"
# webtalk_add_data -client project -key route_design -value "NA" -context "software_version_and_target_device"
# webtalk_add_data -client project -key target_family -value "NA" -context "software_version_and_target_device"
# webtalk_add_data -client project -key target_device -value "NA" -context "software_version_and_target_device"
# webtalk_add_data -client project -key target_package -value "NA" -context "software_version_and_target_device"
# webtalk_add_data -client project -key target_speed -value "NA" -context "software_version_and_target_device"
# webtalk_add_data -client project -key random_id -value "pprl1u28em836tu02nocesnkiu" -context "software_version_and_target_device"
# webtalk_add_data -client project -key project_id -value "2019.1_9" -context "software_version_and_target_device"
# webtalk_add_data -client project -key project_iteration -value "9" -context "software_version_and_target_device"
# webtalk_add_data -client project -key os_name -value "Microsoft Windows 8 or later , 64-bit" -context "user_environment"
# webtalk_add_data -client project -key os_release -value "major release  (build 9200)" -context "user_environment"
# webtalk_add_data -client project -key cpu_name -value "AMD Ryzen 9 3900X 12-Core Processor            " -context "user_environment"
# webtalk_add_data -client project -key cpu_speed -value "3793 MHz" -context "user_environment"
# webtalk_add_data -client project -key total_processors -value "2" -context "user_environment"
# webtalk_add_data -client project -key system_ram -value "68.629 GB" -context "user_environment"
# webtalk_register_client -client sdk
# webtalk_add_data -client sdk -key uid -value "1598385141568" -context "sdk\\\\hardware/1598385141568"
# webtalk_add_data -client sdk -key isZynq -value "false" -context "sdk\\\\hardware/1598385141568"
# webtalk_add_data -client sdk -key isZynqMP -value "false" -context "sdk\\\\hardware/1598385141568"
# webtalk_add_data -client sdk -key Processors -value "1" -context "sdk\\\\hardware/1598385141568"
# webtalk_add_data -client sdk -key VivadoVersion -value "2019.1" -context "sdk\\\\hardware/1598385141568"
# webtalk_add_data -client sdk -key Arch -value "virtexuplus" -context "sdk\\\\hardware/1598385141568"
# webtalk_add_data -client sdk -key Device -value "xcvu9p" -context "sdk\\\\hardware/1598385141568"
# webtalk_add_data -client sdk -key IsHandoff -value "true" -context "sdk\\\\hardware/1598385141568"
# webtalk_add_data -client sdk -key os -value "NA" -context "sdk\\\\hardware/1598385141568"
# webtalk_add_data -client sdk -key apptemplate -value "NA" -context "sdk\\\\hardware/1598385141568"
# webtalk_add_data -client sdk -key RecordType -value "HWCreation" -context "sdk\\\\hardware/1598385141568"
# webtalk_add_data -client sdk -key uid -value "1598385152025" -context "sdk\\\\bsp/1598385152025"
# webtalk_add_data -client sdk -key hwid -value "1598385141568" -context "sdk\\\\bsp/1598385152025"
# webtalk_add_data -client sdk -key os -value "standalone" -context "sdk\\\\bsp/1598385152025"
# webtalk_add_data -client sdk -key apptemplate -value "hello_world" -context "sdk\\\\bsp/1598385152025"
# webtalk_add_data -client sdk -key RecordType -value "BSPCreation" -context "sdk\\\\bsp/1598385152025"
# webtalk_add_data -client sdk -key uid -value "1598385154557" -context "sdk\\\\application/1598385154557"
# webtalk_add_data -client sdk -key hwid -value "1598385141568" -context "sdk\\\\application/1598385154557"
# webtalk_add_data -client sdk -key bspid -value "1598385152025" -context "sdk\\\\application/1598385154557"
# webtalk_add_data -client sdk -key newbsp -value "true" -context "sdk\\\\application/1598385154557"
# webtalk_add_data -client sdk -key os -value "standalone" -context "sdk\\\\application/1598385154557"
# webtalk_add_data -client sdk -key apptemplate -value "hello_world" -context "sdk\\\\application/1598385154557"
# webtalk_add_data -client sdk -key RecordType -value "APPCreation" -context "sdk\\\\application/1598385154557"
# webtalk_add_data -client sdk -key LangUsed -value "C" -context "sdk\\\\application/1598385154557"
# webtalk_add_data -client sdk -key Procused -value "microblaze" -context "sdk\\\\application/1598385154557"
# webtalk_add_data -client sdk -key projSize -value "168.8046875" -context "sdk\\\\application/1598385154557"
# webtalk_add_data -client sdk -key uid -value "NA" -context "sdk\\\\bsp/1598388087162"
# webtalk_add_data -client sdk -key RecordType -value "ToolUsage" -context "sdk\\\\bsp/1598388087162"
# webtalk_add_data -client sdk -key BootgenCount -value "0" -context "sdk\\\\bsp/1598388087162"
# webtalk_add_data -client sdk -key DebugCount -value "2" -context "sdk\\\\bsp/1598388087162"
# webtalk_add_data -client sdk -key PerfCount -value "0" -context "sdk\\\\bsp/1598388087162"
# webtalk_add_data -client sdk -key FlashCount -value "0" -context "sdk\\\\bsp/1598388087162"
# webtalk_add_data -client sdk -key CrossTriggCount -value "0" -context "sdk\\\\bsp/1598388087162"
# webtalk_add_data -client sdk -key QemuDebugCount -value "0" -context "sdk\\\\bsp/1598388087162"
# webtalk_transmit -clientid 2804929963 -regid "211448388_1777530313_210720032_620" -xml F:\\BP_PROJ\\BP_RD_SYS\\BP_RD_SYS.sdk\\webtalk\\usage_statistics_ext_sdk.xml -html F:\\BP_PROJ\\BP_RD_SYS\\BP_RD_SYS.sdk\\webtalk\\usage_statistics_ext_sdk.html -wdm F:\\BP_PROJ\\BP_RD_SYS\\BP_RD_SYS.sdk\\webtalk\\sdk_webtalk.wdm -intro "<H3>SDK Usage Report</H3><BR>"
INFO: [Common 17-186] 'F:\BP_PROJ\BP_RD_SYS\BP_RD_SYS.sdk\webtalk\usage_statistics_ext_sdk.xml' has been successfully sent to Xilinx on Tue Aug 25 21:41:33 2020. For additional details about this file, please refer to the WebTalk help file at D:/Xilinx/SDK/2019.1/doc/webtalk_introduction.html.
# webtalk_terminate
INFO: [Common 17-206] Exiting Webtalk at Tue Aug 25 21:41:33 2020...
