20:52:14 INFO  : Registering command handlers for SDK TCF services
20:52:14 INFO  : Launching XSCT server: xsct.bat -interactive F:\BP_PROJ\BP_RD_SYS\BP_RD_SYS.sdk\temp_xsdb_launch_script.tcl
20:52:16 INFO  : XSCT server has started successfully.
20:52:18 INFO  : Successfully done setting XSCT server connection channel  
20:52:18 INFO  : Processing command line option -hwspec F:/BP_PROJ/BP_RD_SYS/BP_RD_SYS.sdk/SYS_wrapper.hdf.
20:52:18 INFO  : Successfully done setting SDK workspace  
20:52:51 INFO  : 'targets -set -filter {jtag_cable_name =~ "Digilent JTAG-SMT2NC 210308AAF98A" && level==0} -index 0' command is executed.
20:52:51 INFO  : 'fpga -state' command is executed.
20:52:51 INFO  : Connected to target on host '127.0.0.1' and port '3121'.
20:52:52 INFO  : Jtag cable 'Digilent JTAG-SMT2NC 210308AAF98A' is selected.
20:52:52 INFO  : 'jtag frequency' command is executed.
20:52:52 INFO  : 'configparams mdm-detect-bscan-mask 2' command is executed.
20:52:52 INFO  : Context for processor 'mcu_box_microblaze_0' is selected.
20:52:52 INFO  : Processor reset is completed for 'mcu_box_microblaze_0'.
20:52:52 INFO  : Context for processor 'mcu_box_microblaze_0' is selected.
20:52:52 INFO  : The application 'F:/BP_PROJ/BP_RD_SYS/BP_RD_SYS.sdk/BlackPearl_MCU/Debug/BlackPearl_MCU.elf' is downloaded to processor 'mcu_box_microblaze_0'.
20:52:52 INFO  : ----------------XSDB Script----------------
connect -url tcp:127.0.0.1:3121
configparams mdm-detect-bscan-mask 2
targets -set -nocase -filter {name =~ "microblaze*#0" && bscan=="USER2"  && jtag_cable_name =~ "Digilent JTAG-SMT2NC 210308AAF98A"} -index 0
rst -processor
targets -set -nocase -filter {name =~ "microblaze*#0" && bscan=="USER2"  && jtag_cable_name =~ "Digilent JTAG-SMT2NC 210308AAF98A"} -index 0
dow F:/BP_PROJ/BP_RD_SYS/BP_RD_SYS.sdk/BlackPearl_MCU/Debug/BlackPearl_MCU.elf
----------------End of Script----------------

20:52:52 INFO  : Memory regions updated for context PA
20:52:52 INFO  : Memory regions updated for context MicroBlaze Debug Module at USER2
20:52:52 INFO  : Context for processor 'mcu_box_microblaze_0' is selected.
20:52:52 INFO  : 'con' command is executed.
20:52:52 INFO  : ----------------XSDB Script (After Launch)----------------
targets -set -nocase -filter {name =~ "microblaze*#0" && bscan=="USER2"  && jtag_cable_name =~ "Digilent JTAG-SMT2NC 210308AAF98A"} -index 0
con
----------------End of Script----------------

20:52:52 INFO  : Launch script is exported to file 'F:\BP_PROJ\BP_RD_SYS\BP_RD_SYS.sdk\.sdk\launch_scripts\xilinx_c-c++_application_(system_debugger)\system_debugger_using_debug_blackpearl_mcu.elf_on_local.tcl'
20:53:38 INFO  : Disconnected from the channel tcfchan#1.
20:53:40 INFO  : 'targets -set -filter {jtag_cable_name =~ "Digilent JTAG-SMT2NC 210308AAF98A" && level==0} -index 0' command is executed.
20:53:40 INFO  : 'fpga -state' command is executed.
20:53:40 INFO  : Connected to target on host '127.0.0.1' and port '3121'.
20:53:40 INFO  : Jtag cable 'Digilent JTAG-SMT2NC 210308AAF98A' is selected.
20:53:40 INFO  : 'jtag frequency' command is executed.
20:53:40 INFO  : 'configparams mdm-detect-bscan-mask 2' command is executed.
20:53:40 INFO  : Context for processor 'mcu_box_microblaze_0' is selected.
20:53:40 INFO  : Processor reset is completed for 'mcu_box_microblaze_0'.
20:53:40 INFO  : Context for processor 'mcu_box_microblaze_0' is selected.
20:53:40 INFO  : The application 'F:/BP_PROJ/BP_RD_SYS/BP_RD_SYS.sdk/BlackPearl_MCU/Debug/BlackPearl_MCU.elf' is downloaded to processor 'mcu_box_microblaze_0'.
20:53:40 INFO  : ----------------XSDB Script----------------
connect -url tcp:127.0.0.1:3121
configparams mdm-detect-bscan-mask 2
targets -set -nocase -filter {name =~ "microblaze*#0" && bscan=="USER2"  && jtag_cable_name =~ "Digilent JTAG-SMT2NC 210308AAF98A"} -index 0
rst -processor
targets -set -nocase -filter {name =~ "microblaze*#0" && bscan=="USER2"  && jtag_cable_name =~ "Digilent JTAG-SMT2NC 210308AAF98A"} -index 0
dow F:/BP_PROJ/BP_RD_SYS/BP_RD_SYS.sdk/BlackPearl_MCU/Debug/BlackPearl_MCU.elf
----------------End of Script----------------

20:53:40 INFO  : Memory regions updated for context PA
20:53:40 INFO  : Memory regions updated for context MicroBlaze Debug Module at USER2
20:53:40 INFO  : Context for processor 'mcu_box_microblaze_0' is selected.
20:53:40 INFO  : 'con' command is executed.
20:53:40 INFO  : ----------------XSDB Script (After Launch)----------------
targets -set -nocase -filter {name =~ "microblaze*#0" && bscan=="USER2"  && jtag_cable_name =~ "Digilent JTAG-SMT2NC 210308AAF98A"} -index 0
con
----------------End of Script----------------

20:53:40 INFO  : Launch script is exported to file 'F:\BP_PROJ\BP_RD_SYS\BP_RD_SYS.sdk\.sdk\launch_scripts\xilinx_c-c++_application_(system_debugger)\system_debugger_using_debug_blackpearl_mcu.elf_on_local.tcl'
21:41:27 INFO  : Disconnected from the channel tcfchan#2.
21:55:17 INFO  : Registering command handlers for SDK TCF services
21:55:17 INFO  : Launching XSCT server: xsct.bat -interactive F:\BP_PROJ\BP_RD_SYS\BP_RD_SYS.sdk\temp_xsdb_launch_script.tcl
21:55:19 INFO  : XSCT server has started successfully.
21:55:19 INFO  : Successfully done setting XSCT server connection channel  
21:55:22 INFO  : Successfully done setting SDK workspace  
21:55:22 INFO  : Processing command line option -hwspec F:/BP_PROJ/BP_RD_SYS/BP_RD_SYS.sdk/SYS_wrapper.hdf.
21:55:22 INFO  : Checking for hwspec changes in the project SYS_wrapper_hw_platform_0.
21:55:24 INFO  : SDK has detected change in the last modified timestamps for source hardware specification file Source:1598475280312,  Project:1598382145750
21:55:24 INFO  : The hardware specification for project 'SYS_wrapper_hw_platform_0' is different from F:/BP_PROJ/BP_RD_SYS/BP_RD_SYS.sdk/SYS_wrapper.hdf.
21:55:24 INFO  : Copied contents of F:/BP_PROJ/BP_RD_SYS/BP_RD_SYS.sdk/SYS_wrapper.hdf into \SYS_wrapper_hw_platform_0\system.hdf.
21:55:25 INFO  : Synchronizing projects in the workspace with the hardware platform specification changes.
21:55:28 INFO  : 
21:55:29 INFO  : Updating hardware inferred compiler options for BlackPearl_MCU.
21:55:29 INFO  : Clearing existing target manager status.
21:56:55 INFO  : 'targets -set -filter {jtag_cable_name =~ "Digilent JTAG-SMT2NC 210308AAF98A" && level==0} -index 0' command is executed.
21:56:55 INFO  : 'fpga -state' command is executed.
21:56:55 INFO  : Connected to target on host '127.0.0.1' and port '3121'.
21:56:55 INFO  : Jtag cable 'Digilent JTAG-SMT2NC 210308AAF98A' is selected.
21:56:55 INFO  : 'jtag frequency' command is executed.
21:56:55 INFO  : 'configparams mdm-detect-bscan-mask 2' command is executed.
21:56:55 INFO  : Context for processor 'mcu_box_microblaze_0' is selected.
21:56:55 INFO  : Processor reset is completed for 'mcu_box_microblaze_0'.
21:56:55 INFO  : Context for processor 'mcu_box_microblaze_0' is selected.
21:56:55 INFO  : The application 'F:/BP_PROJ/BP_RD_SYS/BP_RD_SYS.sdk/BlackPearl_MCU/Debug/BlackPearl_MCU.elf' is downloaded to processor 'mcu_box_microblaze_0'.
21:56:55 INFO  : ----------------XSDB Script----------------
connect -url tcp:127.0.0.1:3121
configparams mdm-detect-bscan-mask 2
targets -set -nocase -filter {name =~ "microblaze*#0" && bscan=="USER2"  && jtag_cable_name =~ "Digilent JTAG-SMT2NC 210308AAF98A"} -index 0
rst -processor
targets -set -nocase -filter {name =~ "microblaze*#0" && bscan=="USER2"  && jtag_cable_name =~ "Digilent JTAG-SMT2NC 210308AAF98A"} -index 0
dow F:/BP_PROJ/BP_RD_SYS/BP_RD_SYS.sdk/BlackPearl_MCU/Debug/BlackPearl_MCU.elf
----------------End of Script----------------

21:56:55 INFO  : Memory regions updated for context PA
21:56:55 INFO  : Memory regions updated for context MicroBlaze Debug Module at USER2
21:56:55 INFO  : Context for processor 'mcu_box_microblaze_0' is selected.
21:56:55 INFO  : 'con' command is executed.
21:56:55 INFO  : ----------------XSDB Script (After Launch)----------------
targets -set -nocase -filter {name =~ "microblaze*#0" && bscan=="USER2"  && jtag_cable_name =~ "Digilent JTAG-SMT2NC 210308AAF98A"} -index 0
con
----------------End of Script----------------

21:56:55 INFO  : Launch script is exported to file 'F:\BP_PROJ\BP_RD_SYS\BP_RD_SYS.sdk\.sdk\launch_scripts\xilinx_c-c++_application_(system_debugger)\system_debugger_using_debug_blackpearl_mcu.elf_on_local.tcl'
14:10:58 INFO  : Registering command handlers for SDK TCF services
14:10:58 INFO  : Launching XSCT server: xsct.bat -interactive F:\BP_PROJ\BP_RD_SYS\BP_RD_SYS.sdk\temp_xsdb_launch_script.tcl
14:11:00 INFO  : XSCT server has started successfully.
14:11:03 INFO  : Successfully done setting XSCT server connection channel  
14:11:03 INFO  : Processing command line option -hwspec F:/BP_PROJ/BP_RD_SYS/BP_RD_SYS.sdk/SYS_wrapper.hdf.
14:11:03 INFO  : Successfully done setting SDK workspace  
14:11:03 INFO  : Checking for hwspec changes in the project SYS_wrapper_hw_platform_0.
14:11:06 INFO  : SDK has detected change in the last modified timestamps for source hardware specification file Source:1598533061776,  Project:1598475280312
14:11:06 INFO  : The hardware specification for project 'SYS_wrapper_hw_platform_0' is different from F:/BP_PROJ/BP_RD_SYS/BP_RD_SYS.sdk/SYS_wrapper.hdf.
14:11:06 INFO  : Copied contents of F:/BP_PROJ/BP_RD_SYS/BP_RD_SYS.sdk/SYS_wrapper.hdf into \SYS_wrapper_hw_platform_0\system.hdf.
14:11:19 INFO  : Synchronizing projects in the workspace with the hardware platform specification changes.
14:11:24 INFO  : 
14:11:25 INFO  : Updating hardware inferred compiler options for BlackPearl_MCU.
14:11:25 INFO  : Clearing existing target manager status.
14:22:27 INFO  : 'targets -set -filter {jtag_cable_name =~ "Digilent JTAG-SMT2NC 210308AAF98A" && level==0} -index 0' command is executed.
14:22:27 INFO  : 'fpga -state' command is executed.
14:22:27 INFO  : Connected to target on host '127.0.0.1' and port '3121'.
14:22:27 INFO  : Jtag cable 'Digilent JTAG-SMT2NC 210308AAF98A' is selected.
14:22:27 INFO  : 'jtag frequency' command is executed.
14:22:27 INFO  : 'configparams mdm-detect-bscan-mask 2' command is executed.
14:22:27 INFO  : Context for processor 'mcu_box_microblaze_0' is selected.
14:22:27 INFO  : Processor reset is completed for 'mcu_box_microblaze_0'.
14:22:27 INFO  : Context for processor 'mcu_box_microblaze_0' is selected.
14:22:27 INFO  : The application 'F:/BP_PROJ/BP_RD_SYS/BP_RD_SYS.sdk/BlackPearl_MCU/Debug/BlackPearl_MCU.elf' is downloaded to processor 'mcu_box_microblaze_0'.
14:22:27 INFO  : ----------------XSDB Script----------------
connect -url tcp:127.0.0.1:3121
configparams mdm-detect-bscan-mask 2
targets -set -nocase -filter {name =~ "microblaze*#0" && bscan=="USER2"  && jtag_cable_name =~ "Digilent JTAG-SMT2NC 210308AAF98A"} -index 0
rst -processor
targets -set -nocase -filter {name =~ "microblaze*#0" && bscan=="USER2"  && jtag_cable_name =~ "Digilent JTAG-SMT2NC 210308AAF98A"} -index 0
dow F:/BP_PROJ/BP_RD_SYS/BP_RD_SYS.sdk/BlackPearl_MCU/Debug/BlackPearl_MCU.elf
----------------End of Script----------------

14:22:27 INFO  : Memory regions updated for context PA
14:22:27 INFO  : Memory regions updated for context MicroBlaze Debug Module at USER2
14:22:27 INFO  : Context for processor 'mcu_box_microblaze_0' is selected.
14:22:27 INFO  : 'con' command is executed.
14:22:27 INFO  : ----------------XSDB Script (After Launch)----------------
targets -set -nocase -filter {name =~ "microblaze*#0" && bscan=="USER2"  && jtag_cable_name =~ "Digilent JTAG-SMT2NC 210308AAF98A"} -index 0
con
----------------End of Script----------------

14:22:27 INFO  : Launch script is exported to file 'F:\BP_PROJ\BP_RD_SYS\BP_RD_SYS.sdk\.sdk\launch_scripts\xilinx_c-c++_application_(system_debugger)\system_debugger_using_debug_blackpearl_mcu.elf_on_local.tcl'
14:34:25 INFO  : Disconnected from the channel tcfchan#1.
14:55:00 INFO  : Registering command handlers for SDK TCF services
14:55:00 INFO  : Launching XSCT server: xsct.bat -interactive F:\BP_PROJ\BP_RD_SYS\BP_RD_SYS.sdk\temp_xsdb_launch_script.tcl
14:55:02 INFO  : XSCT server has started successfully.
14:55:02 INFO  : Processing command line option -hwspec F:/BP_PROJ/BP_RD_SYS/BP_RD_SYS.sdk/SYS_wrapper.hdf.
14:55:02 INFO  : Successfully done setting XSCT server connection channel  
14:55:02 INFO  : Successfully done setting SDK workspace  
14:55:02 INFO  : Checking for hwspec changes in the project SYS_wrapper_hw_platform_0.
14:55:25 INFO  : 'targets -set -filter {jtag_cable_name =~ "Digilent JTAG-SMT2NC 210308AAF98A" && level==0} -index 0' command is executed.
14:55:25 INFO  : 'fpga -state' command is executed.
14:55:25 INFO  : Connected to target on host '127.0.0.1' and port '3121'.
14:55:25 INFO  : Jtag cable 'Digilent JTAG-SMT2NC 210308AAF98A' is selected.
14:55:25 INFO  : 'jtag frequency' command is executed.
14:55:26 INFO  : 'configparams mdm-detect-bscan-mask 2' command is executed.
14:55:26 INFO  : Context for processor 'mcu_box_microblaze_0' is selected.
14:55:26 INFO  : Processor reset is completed for 'mcu_box_microblaze_0'.
14:55:26 INFO  : Context for processor 'mcu_box_microblaze_0' is selected.
14:55:26 INFO  : The application 'F:/BP_PROJ/BP_RD_SYS/BP_RD_SYS.sdk/BlackPearl_MCU/Debug/BlackPearl_MCU.elf' is downloaded to processor 'mcu_box_microblaze_0'.
14:55:26 INFO  : ----------------XSDB Script----------------
connect -url tcp:127.0.0.1:3121
configparams mdm-detect-bscan-mask 2
targets -set -nocase -filter {name =~ "microblaze*#0" && bscan=="USER2"  && jtag_cable_name =~ "Digilent JTAG-SMT2NC 210308AAF98A"} -index 0
rst -processor
targets -set -nocase -filter {name =~ "microblaze*#0" && bscan=="USER2"  && jtag_cable_name =~ "Digilent JTAG-SMT2NC 210308AAF98A"} -index 0
dow F:/BP_PROJ/BP_RD_SYS/BP_RD_SYS.sdk/BlackPearl_MCU/Debug/BlackPearl_MCU.elf
----------------End of Script----------------

14:55:26 INFO  : Memory regions updated for context PA
14:55:26 INFO  : Memory regions updated for context MicroBlaze Debug Module at USER2
14:55:26 INFO  : Context for processor 'mcu_box_microblaze_0' is selected.
14:55:26 INFO  : 'con' command is executed.
14:55:26 INFO  : ----------------XSDB Script (After Launch)----------------
targets -set -nocase -filter {name =~ "microblaze*#0" && bscan=="USER2"  && jtag_cable_name =~ "Digilent JTAG-SMT2NC 210308AAF98A"} -index 0
con
----------------End of Script----------------

14:55:26 INFO  : Launch script is exported to file 'F:\BP_PROJ\BP_RD_SYS\BP_RD_SYS.sdk\.sdk\launch_scripts\xilinx_c-c++_application_(system_debugger)\system_debugger_using_debug_blackpearl_mcu.elf_on_local.tcl'
15:24:44 INFO  : Disconnected from the channel tcfchan#1.
20:09:45 INFO  : Registering command handlers for SDK TCF services
20:09:46 INFO  : Launching XSCT server: xsct.bat -interactive F:\BP_PROJ\BP_RD_SYS\BP_RD_SYS.sdk\temp_xsdb_launch_script.tcl
20:09:48 INFO  : XSCT server has started successfully.
20:09:50 INFO  : Processing command line option -hwspec F:/BP_PROJ/BP_RD_SYS/BP_RD_SYS.sdk/SYS_wrapper.hdf.
20:09:50 INFO  : Successfully done setting XSCT server connection channel  
20:09:50 INFO  : Successfully done setting SDK workspace  
20:09:50 INFO  : Checking for hwspec changes in the project SYS_wrapper_hw_platform_0.
20:09:52 INFO  : SDK has detected change in the last modified timestamps for source hardware specification file Source:1598555356069,  Project:1598533061776
20:09:52 INFO  : The hardware specification for project 'SYS_wrapper_hw_platform_0' is different from F:/BP_PROJ/BP_RD_SYS/BP_RD_SYS.sdk/SYS_wrapper.hdf.
20:09:52 INFO  : Copied contents of F:/BP_PROJ/BP_RD_SYS/BP_RD_SYS.sdk/SYS_wrapper.hdf into \SYS_wrapper_hw_platform_0\system.hdf.
20:09:53 INFO  : Synchronizing projects in the workspace with the hardware platform specification changes.
20:10:00 INFO  : 
20:10:01 INFO  : Updating hardware inferred compiler options for BlackPearl_MCU.
20:10:01 INFO  : Clearing existing target manager status.
20:10:59 INFO  : 'targets -set -filter {jtag_cable_name =~ "Digilent JTAG-SMT2NC 210308AAF98A" && level==0} -index 0' command is executed.
20:10:59 INFO  : 'fpga -state' command is executed.
20:10:59 INFO  : Connected to target on host '127.0.0.1' and port '3121'.
20:11:00 INFO  : Jtag cable 'Digilent JTAG-SMT2NC 210308AAF98A' is selected.
20:11:00 INFO  : 'jtag frequency' command is executed.
20:11:00 INFO  : 'configparams mdm-detect-bscan-mask 2' command is executed.
20:11:03 ERROR : no targets found with "name =~ "microblaze*#0" && bscan=="USER2"  && jtag_cable_name =~ "Digilent JTAG-SMT2NC 210308AAF98A"". available targets:
  1* xcvu9p
     2  Legacy Debug Hub
20:11:03 INFO  : ----------------XSDB Script----------------
connect -url tcp:127.0.0.1:3121
configparams mdm-detect-bscan-mask 2
targets -set -nocase -filter {name =~ "microblaze*#0" && bscan=="USER2"  && jtag_cable_name =~ "Digilent JTAG-SMT2NC 210308AAF98A"} -index 0
----------------End of Script----------------

20:12:10 INFO  : 'targets -set -filter {jtag_cable_name =~ "Digilent JTAG-SMT2NC 210308AAF98A" && level==0} -index 0' command is executed.
20:12:10 INFO  : 'fpga -state' command is executed.
20:12:10 INFO  : Connected to target on host '127.0.0.1' and port '3121'.
20:12:10 INFO  : Jtag cable 'Digilent JTAG-SMT2NC 210308AAF98A' is selected.
20:12:10 INFO  : 'jtag frequency' command is executed.
20:12:10 INFO  : 'configparams mdm-detect-bscan-mask 2' command is executed.
20:12:10 INFO  : Context for processor 'mcu_box_microblaze_0' is selected.
20:12:10 INFO  : Processor reset is completed for 'mcu_box_microblaze_0'.
20:12:10 INFO  : Context for processor 'mcu_box_microblaze_0' is selected.
20:12:10 INFO  : The application 'F:/BP_PROJ/BP_RD_SYS/BP_RD_SYS.sdk/BlackPearl_MCU/Debug/BlackPearl_MCU.elf' is downloaded to processor 'mcu_box_microblaze_0'.
20:12:10 INFO  : ----------------XSDB Script----------------
connect -url tcp:127.0.0.1:3121
configparams mdm-detect-bscan-mask 2
targets -set -nocase -filter {name =~ "microblaze*#0" && bscan=="USER2"  && jtag_cable_name =~ "Digilent JTAG-SMT2NC 210308AAF98A"} -index 0
rst -processor
targets -set -nocase -filter {name =~ "microblaze*#0" && bscan=="USER2"  && jtag_cable_name =~ "Digilent JTAG-SMT2NC 210308AAF98A"} -index 0
dow F:/BP_PROJ/BP_RD_SYS/BP_RD_SYS.sdk/BlackPearl_MCU/Debug/BlackPearl_MCU.elf
----------------End of Script----------------

20:12:10 INFO  : Memory regions updated for context PA
20:12:10 INFO  : Memory regions updated for context MicroBlaze Debug Module at USER2
20:12:10 INFO  : Context for processor 'mcu_box_microblaze_0' is selected.
20:12:10 INFO  : 'con' command is executed.
20:12:10 INFO  : ----------------XSDB Script (After Launch)----------------
targets -set -nocase -filter {name =~ "microblaze*#0" && bscan=="USER2"  && jtag_cable_name =~ "Digilent JTAG-SMT2NC 210308AAF98A"} -index 0
con
----------------End of Script----------------

20:12:10 INFO  : Launch script is exported to file 'F:\BP_PROJ\BP_RD_SYS\BP_RD_SYS.sdk\.sdk\launch_scripts\xilinx_c-c++_application_(system_debugger)\system_debugger_using_debug_blackpearl_mcu.elf_on_local.tcl'
20:16:22 INFO  : Disconnected from the channel tcfchan#1.
20:16:23 INFO  : 'targets -set -filter {jtag_cable_name =~ "Digilent JTAG-SMT2NC 210308AAF98A" && level==0} -index 0' command is executed.
20:16:23 INFO  : 'fpga -state' command is executed.
20:16:23 INFO  : Connected to target on host '127.0.0.1' and port '3121'.
20:16:24 INFO  : Jtag cable 'Digilent JTAG-SMT2NC 210308AAF98A' is selected.
20:16:24 INFO  : 'jtag frequency' command is executed.
20:16:24 INFO  : 'configparams mdm-detect-bscan-mask 2' command is executed.
20:16:24 INFO  : Context for processor 'mcu_box_microblaze_0' is selected.
20:16:24 INFO  : Processor reset is completed for 'mcu_box_microblaze_0'.
20:16:24 INFO  : Context for processor 'mcu_box_microblaze_0' is selected.
20:16:24 INFO  : The application 'F:/BP_PROJ/BP_RD_SYS/BP_RD_SYS.sdk/BlackPearl_MCU/Debug/BlackPearl_MCU.elf' is downloaded to processor 'mcu_box_microblaze_0'.
20:16:24 INFO  : ----------------XSDB Script----------------
connect -url tcp:127.0.0.1:3121
configparams mdm-detect-bscan-mask 2
targets -set -nocase -filter {name =~ "microblaze*#0" && bscan=="USER2"  && jtag_cable_name =~ "Digilent JTAG-SMT2NC 210308AAF98A"} -index 0
rst -processor
targets -set -nocase -filter {name =~ "microblaze*#0" && bscan=="USER2"  && jtag_cable_name =~ "Digilent JTAG-SMT2NC 210308AAF98A"} -index 0
dow F:/BP_PROJ/BP_RD_SYS/BP_RD_SYS.sdk/BlackPearl_MCU/Debug/BlackPearl_MCU.elf
----------------End of Script----------------

20:16:24 INFO  : Memory regions updated for context PA
20:16:24 INFO  : Memory regions updated for context MicroBlaze Debug Module at USER2
20:16:24 INFO  : Context for processor 'mcu_box_microblaze_0' is selected.
20:16:24 INFO  : 'con' command is executed.
20:16:24 INFO  : ----------------XSDB Script (After Launch)----------------
targets -set -nocase -filter {name =~ "microblaze*#0" && bscan=="USER2"  && jtag_cable_name =~ "Digilent JTAG-SMT2NC 210308AAF98A"} -index 0
con
----------------End of Script----------------

20:16:24 INFO  : Launch script is exported to file 'F:\BP_PROJ\BP_RD_SYS\BP_RD_SYS.sdk\.sdk\launch_scripts\xilinx_c-c++_application_(system_debugger)\system_debugger_using_debug_blackpearl_mcu.elf_on_local.tcl'
20:18:46 INFO  : Disconnected from the channel tcfchan#2.
20:18:47 INFO  : 'targets -set -filter {jtag_cable_name =~ "Digilent JTAG-SMT2NC 210308AAF98A" && level==0} -index 0' command is executed.
20:18:47 INFO  : 'fpga -state' command is executed.
20:18:47 INFO  : Connected to target on host '127.0.0.1' and port '3121'.
20:18:47 INFO  : Jtag cable 'Digilent JTAG-SMT2NC 210308AAF98A' is selected.
20:18:47 INFO  : 'jtag frequency' command is executed.
20:18:47 INFO  : 'configparams mdm-detect-bscan-mask 2' command is executed.
20:18:47 INFO  : Context for processor 'mcu_box_microblaze_0' is selected.
20:18:47 INFO  : Processor reset is completed for 'mcu_box_microblaze_0'.
20:18:47 INFO  : Context for processor 'mcu_box_microblaze_0' is selected.
20:18:47 INFO  : The application 'F:/BP_PROJ/BP_RD_SYS/BP_RD_SYS.sdk/BlackPearl_MCU/Debug/BlackPearl_MCU.elf' is downloaded to processor 'mcu_box_microblaze_0'.
20:18:47 INFO  : ----------------XSDB Script----------------
connect -url tcp:127.0.0.1:3121
configparams mdm-detect-bscan-mask 2
targets -set -nocase -filter {name =~ "microblaze*#0" && bscan=="USER2"  && jtag_cable_name =~ "Digilent JTAG-SMT2NC 210308AAF98A"} -index 0
rst -processor
targets -set -nocase -filter {name =~ "microblaze*#0" && bscan=="USER2"  && jtag_cable_name =~ "Digilent JTAG-SMT2NC 210308AAF98A"} -index 0
dow F:/BP_PROJ/BP_RD_SYS/BP_RD_SYS.sdk/BlackPearl_MCU/Debug/BlackPearl_MCU.elf
----------------End of Script----------------

20:18:47 INFO  : Memory regions updated for context PA
20:18:47 INFO  : Memory regions updated for context MicroBlaze Debug Module at USER2
20:18:47 INFO  : Context for processor 'mcu_box_microblaze_0' is selected.
20:18:47 INFO  : 'con' command is executed.
20:18:47 INFO  : ----------------XSDB Script (After Launch)----------------
targets -set -nocase -filter {name =~ "microblaze*#0" && bscan=="USER2"  && jtag_cable_name =~ "Digilent JTAG-SMT2NC 210308AAF98A"} -index 0
con
----------------End of Script----------------

20:18:47 INFO  : Launch script is exported to file 'F:\BP_PROJ\BP_RD_SYS\BP_RD_SYS.sdk\.sdk\launch_scripts\xilinx_c-c++_application_(system_debugger)\system_debugger_using_debug_blackpearl_mcu.elf_on_local.tcl'
20:21:24 INFO  : Disconnected from the channel tcfchan#3.
20:21:25 INFO  : 'targets -set -filter {jtag_cable_name =~ "Digilent JTAG-SMT2NC 210308AAF98A" && level==0} -index 0' command is executed.
20:21:25 INFO  : 'fpga -state' command is executed.
20:21:25 INFO  : Connected to target on host '127.0.0.1' and port '3121'.
20:21:26 INFO  : Jtag cable 'Digilent JTAG-SMT2NC 210308AAF98A' is selected.
20:21:26 INFO  : 'jtag frequency' command is executed.
20:21:26 INFO  : 'configparams mdm-detect-bscan-mask 2' command is executed.
20:21:26 INFO  : Context for processor 'mcu_box_microblaze_0' is selected.
20:21:26 INFO  : Processor reset is completed for 'mcu_box_microblaze_0'.
20:21:26 INFO  : Context for processor 'mcu_box_microblaze_0' is selected.
20:21:26 INFO  : The application 'F:/BP_PROJ/BP_RD_SYS/BP_RD_SYS.sdk/BlackPearl_MCU/Debug/BlackPearl_MCU.elf' is downloaded to processor 'mcu_box_microblaze_0'.
20:21:26 INFO  : ----------------XSDB Script----------------
connect -url tcp:127.0.0.1:3121
configparams mdm-detect-bscan-mask 2
targets -set -nocase -filter {name =~ "microblaze*#0" && bscan=="USER2"  && jtag_cable_name =~ "Digilent JTAG-SMT2NC 210308AAF98A"} -index 0
rst -processor
targets -set -nocase -filter {name =~ "microblaze*#0" && bscan=="USER2"  && jtag_cable_name =~ "Digilent JTAG-SMT2NC 210308AAF98A"} -index 0
dow F:/BP_PROJ/BP_RD_SYS/BP_RD_SYS.sdk/BlackPearl_MCU/Debug/BlackPearl_MCU.elf
----------------End of Script----------------

20:21:26 INFO  : Memory regions updated for context PA
20:21:26 INFO  : Memory regions updated for context MicroBlaze Debug Module at USER2
20:21:26 INFO  : Context for processor 'mcu_box_microblaze_0' is selected.
20:21:26 INFO  : 'con' command is executed.
20:21:26 INFO  : ----------------XSDB Script (After Launch)----------------
targets -set -nocase -filter {name =~ "microblaze*#0" && bscan=="USER2"  && jtag_cable_name =~ "Digilent JTAG-SMT2NC 210308AAF98A"} -index 0
con
----------------End of Script----------------

20:21:26 INFO  : Launch script is exported to file 'F:\BP_PROJ\BP_RD_SYS\BP_RD_SYS.sdk\.sdk\launch_scripts\xilinx_c-c++_application_(system_debugger)\system_debugger_using_debug_blackpearl_mcu.elf_on_local.tcl'
20:22:33 INFO  : Disconnected from the channel tcfchan#4.
20:22:34 INFO  : 'targets -set -filter {jtag_cable_name =~ "Digilent JTAG-SMT2NC 210308AAF98A" && level==0} -index 0' command is executed.
20:22:34 INFO  : 'fpga -state' command is executed.
20:22:34 INFO  : Connected to target on host '127.0.0.1' and port '3121'.
20:22:34 INFO  : Jtag cable 'Digilent JTAG-SMT2NC 210308AAF98A' is selected.
20:22:34 INFO  : 'jtag frequency' command is executed.
20:22:34 INFO  : 'configparams mdm-detect-bscan-mask 2' command is executed.
20:22:34 INFO  : Context for processor 'mcu_box_microblaze_0' is selected.
20:22:34 INFO  : Processor reset is completed for 'mcu_box_microblaze_0'.
20:22:34 INFO  : Context for processor 'mcu_box_microblaze_0' is selected.
20:22:34 INFO  : The application 'F:/BP_PROJ/BP_RD_SYS/BP_RD_SYS.sdk/BlackPearl_MCU/Debug/BlackPearl_MCU.elf' is downloaded to processor 'mcu_box_microblaze_0'.
20:22:34 INFO  : ----------------XSDB Script----------------
connect -url tcp:127.0.0.1:3121
configparams mdm-detect-bscan-mask 2
targets -set -nocase -filter {name =~ "microblaze*#0" && bscan=="USER2"  && jtag_cable_name =~ "Digilent JTAG-SMT2NC 210308AAF98A"} -index 0
rst -processor
targets -set -nocase -filter {name =~ "microblaze*#0" && bscan=="USER2"  && jtag_cable_name =~ "Digilent JTAG-SMT2NC 210308AAF98A"} -index 0
dow F:/BP_PROJ/BP_RD_SYS/BP_RD_SYS.sdk/BlackPearl_MCU/Debug/BlackPearl_MCU.elf
----------------End of Script----------------

20:22:34 INFO  : Memory regions updated for context PA
20:22:34 INFO  : Memory regions updated for context MicroBlaze Debug Module at USER2
20:22:34 INFO  : Context for processor 'mcu_box_microblaze_0' is selected.
20:22:34 INFO  : 'con' command is executed.
20:22:34 INFO  : ----------------XSDB Script (After Launch)----------------
targets -set -nocase -filter {name =~ "microblaze*#0" && bscan=="USER2"  && jtag_cable_name =~ "Digilent JTAG-SMT2NC 210308AAF98A"} -index 0
con
----------------End of Script----------------

20:22:34 INFO  : Launch script is exported to file 'F:\BP_PROJ\BP_RD_SYS\BP_RD_SYS.sdk\.sdk\launch_scripts\xilinx_c-c++_application_(system_debugger)\system_debugger_using_debug_blackpearl_mcu.elf_on_local.tcl'
20:23:13 INFO  : Disconnected from the channel tcfchan#5.
20:23:14 INFO  : 'targets -set -filter {jtag_cable_name =~ "Digilent JTAG-SMT2NC 210308AAF98A" && level==0} -index 0' command is executed.
20:23:14 INFO  : 'fpga -state' command is executed.
20:23:14 INFO  : Connected to target on host '127.0.0.1' and port '3121'.
20:23:14 INFO  : Jtag cable 'Digilent JTAG-SMT2NC 210308AAF98A' is selected.
20:23:14 INFO  : 'jtag frequency' command is executed.
20:23:14 INFO  : 'configparams mdm-detect-bscan-mask 2' command is executed.
20:23:14 INFO  : Context for processor 'mcu_box_microblaze_0' is selected.
20:23:14 INFO  : Processor reset is completed for 'mcu_box_microblaze_0'.
20:23:14 INFO  : Context for processor 'mcu_box_microblaze_0' is selected.
20:23:14 INFO  : The application 'F:/BP_PROJ/BP_RD_SYS/BP_RD_SYS.sdk/BlackPearl_MCU/Debug/BlackPearl_MCU.elf' is downloaded to processor 'mcu_box_microblaze_0'.
20:23:14 INFO  : ----------------XSDB Script----------------
connect -url tcp:127.0.0.1:3121
configparams mdm-detect-bscan-mask 2
targets -set -nocase -filter {name =~ "microblaze*#0" && bscan=="USER2"  && jtag_cable_name =~ "Digilent JTAG-SMT2NC 210308AAF98A"} -index 0
rst -processor
targets -set -nocase -filter {name =~ "microblaze*#0" && bscan=="USER2"  && jtag_cable_name =~ "Digilent JTAG-SMT2NC 210308AAF98A"} -index 0
dow F:/BP_PROJ/BP_RD_SYS/BP_RD_SYS.sdk/BlackPearl_MCU/Debug/BlackPearl_MCU.elf
----------------End of Script----------------

20:23:14 INFO  : Memory regions updated for context PA
20:23:14 INFO  : Memory regions updated for context MicroBlaze Debug Module at USER2
20:23:14 INFO  : Context for processor 'mcu_box_microblaze_0' is selected.
20:23:14 INFO  : 'con' command is executed.
20:23:14 INFO  : ----------------XSDB Script (After Launch)----------------
targets -set -nocase -filter {name =~ "microblaze*#0" && bscan=="USER2"  && jtag_cable_name =~ "Digilent JTAG-SMT2NC 210308AAF98A"} -index 0
con
----------------End of Script----------------

20:23:14 INFO  : Launch script is exported to file 'F:\BP_PROJ\BP_RD_SYS\BP_RD_SYS.sdk\.sdk\launch_scripts\xilinx_c-c++_application_(system_debugger)\system_debugger_using_debug_blackpearl_mcu.elf_on_local.tcl'
20:23:58 INFO  : Disconnected from the channel tcfchan#6.
20:23:59 INFO  : 'targets -set -filter {jtag_cable_name =~ "Digilent JTAG-SMT2NC 210308AAF98A" && level==0} -index 0' command is executed.
20:23:59 INFO  : 'fpga -state' command is executed.
20:23:59 INFO  : Connected to target on host '127.0.0.1' and port '3121'.
20:23:59 INFO  : Jtag cable 'Digilent JTAG-SMT2NC 210308AAF98A' is selected.
20:23:59 INFO  : 'jtag frequency' command is executed.
20:23:59 INFO  : 'configparams mdm-detect-bscan-mask 2' command is executed.
20:23:59 INFO  : Context for processor 'mcu_box_microblaze_0' is selected.
20:23:59 INFO  : Processor reset is completed for 'mcu_box_microblaze_0'.
20:23:59 INFO  : Context for processor 'mcu_box_microblaze_0' is selected.
20:23:59 INFO  : The application 'F:/BP_PROJ/BP_RD_SYS/BP_RD_SYS.sdk/BlackPearl_MCU/Debug/BlackPearl_MCU.elf' is downloaded to processor 'mcu_box_microblaze_0'.
20:23:59 INFO  : ----------------XSDB Script----------------
connect -url tcp:127.0.0.1:3121
configparams mdm-detect-bscan-mask 2
targets -set -nocase -filter {name =~ "microblaze*#0" && bscan=="USER2"  && jtag_cable_name =~ "Digilent JTAG-SMT2NC 210308AAF98A"} -index 0
rst -processor
targets -set -nocase -filter {name =~ "microblaze*#0" && bscan=="USER2"  && jtag_cable_name =~ "Digilent JTAG-SMT2NC 210308AAF98A"} -index 0
dow F:/BP_PROJ/BP_RD_SYS/BP_RD_SYS.sdk/BlackPearl_MCU/Debug/BlackPearl_MCU.elf
----------------End of Script----------------

20:23:59 INFO  : Memory regions updated for context PA
20:23:59 INFO  : Memory regions updated for context MicroBlaze Debug Module at USER2
20:23:59 INFO  : Context for processor 'mcu_box_microblaze_0' is selected.
20:23:59 INFO  : 'con' command is executed.
20:23:59 INFO  : ----------------XSDB Script (After Launch)----------------
targets -set -nocase -filter {name =~ "microblaze*#0" && bscan=="USER2"  && jtag_cable_name =~ "Digilent JTAG-SMT2NC 210308AAF98A"} -index 0
con
----------------End of Script----------------

20:23:59 INFO  : Launch script is exported to file 'F:\BP_PROJ\BP_RD_SYS\BP_RD_SYS.sdk\.sdk\launch_scripts\xilinx_c-c++_application_(system_debugger)\system_debugger_using_debug_blackpearl_mcu.elf_on_local.tcl'
20:24:30 INFO  : Disconnected from the channel tcfchan#7.
20:24:31 INFO  : 'targets -set -filter {jtag_cable_name =~ "Digilent JTAG-SMT2NC 210308AAF98A" && level==0} -index 0' command is executed.
20:24:31 INFO  : 'fpga -state' command is executed.
20:24:31 INFO  : Connected to target on host '127.0.0.1' and port '3121'.
20:24:31 INFO  : Jtag cable 'Digilent JTAG-SMT2NC 210308AAF98A' is selected.
20:24:31 INFO  : 'jtag frequency' command is executed.
20:24:31 INFO  : 'configparams mdm-detect-bscan-mask 2' command is executed.
20:24:31 INFO  : Context for processor 'mcu_box_microblaze_0' is selected.
20:24:31 INFO  : Processor reset is completed for 'mcu_box_microblaze_0'.
20:24:31 INFO  : Context for processor 'mcu_box_microblaze_0' is selected.
20:24:32 INFO  : The application 'F:/BP_PROJ/BP_RD_SYS/BP_RD_SYS.sdk/BlackPearl_MCU/Debug/BlackPearl_MCU.elf' is downloaded to processor 'mcu_box_microblaze_0'.
20:24:32 INFO  : ----------------XSDB Script----------------
connect -url tcp:127.0.0.1:3121
configparams mdm-detect-bscan-mask 2
targets -set -nocase -filter {name =~ "microblaze*#0" && bscan=="USER2"  && jtag_cable_name =~ "Digilent JTAG-SMT2NC 210308AAF98A"} -index 0
rst -processor
targets -set -nocase -filter {name =~ "microblaze*#0" && bscan=="USER2"  && jtag_cable_name =~ "Digilent JTAG-SMT2NC 210308AAF98A"} -index 0
dow F:/BP_PROJ/BP_RD_SYS/BP_RD_SYS.sdk/BlackPearl_MCU/Debug/BlackPearl_MCU.elf
----------------End of Script----------------

20:24:32 INFO  : Memory regions updated for context PA
20:24:32 INFO  : Memory regions updated for context MicroBlaze Debug Module at USER2
20:24:32 INFO  : Context for processor 'mcu_box_microblaze_0' is selected.
20:24:32 INFO  : 'con' command is executed.
20:24:32 INFO  : ----------------XSDB Script (After Launch)----------------
targets -set -nocase -filter {name =~ "microblaze*#0" && bscan=="USER2"  && jtag_cable_name =~ "Digilent JTAG-SMT2NC 210308AAF98A"} -index 0
con
----------------End of Script----------------

20:24:32 INFO  : Launch script is exported to file 'F:\BP_PROJ\BP_RD_SYS\BP_RD_SYS.sdk\.sdk\launch_scripts\xilinx_c-c++_application_(system_debugger)\system_debugger_using_debug_blackpearl_mcu.elf_on_local.tcl'
20:25:31 INFO  : Disconnected from the channel tcfchan#8.
20:25:32 INFO  : 'targets -set -filter {jtag_cable_name =~ "Digilent JTAG-SMT2NC 210308AAF98A" && level==0} -index 0' command is executed.
20:25:32 INFO  : 'fpga -state' command is executed.
20:25:32 INFO  : Connected to target on host '127.0.0.1' and port '3121'.
20:25:32 INFO  : Jtag cable 'Digilent JTAG-SMT2NC 210308AAF98A' is selected.
20:25:32 INFO  : 'jtag frequency' command is executed.
20:25:32 INFO  : 'configparams mdm-detect-bscan-mask 2' command is executed.
20:25:32 INFO  : Context for processor 'mcu_box_microblaze_0' is selected.
20:25:32 INFO  : Processor reset is completed for 'mcu_box_microblaze_0'.
20:25:32 INFO  : Context for processor 'mcu_box_microblaze_0' is selected.
20:25:33 INFO  : The application 'F:/BP_PROJ/BP_RD_SYS/BP_RD_SYS.sdk/BlackPearl_MCU/Debug/BlackPearl_MCU.elf' is downloaded to processor 'mcu_box_microblaze_0'.
20:25:33 INFO  : ----------------XSDB Script----------------
connect -url tcp:127.0.0.1:3121
configparams mdm-detect-bscan-mask 2
targets -set -nocase -filter {name =~ "microblaze*#0" && bscan=="USER2"  && jtag_cable_name =~ "Digilent JTAG-SMT2NC 210308AAF98A"} -index 0
rst -processor
targets -set -nocase -filter {name =~ "microblaze*#0" && bscan=="USER2"  && jtag_cable_name =~ "Digilent JTAG-SMT2NC 210308AAF98A"} -index 0
dow F:/BP_PROJ/BP_RD_SYS/BP_RD_SYS.sdk/BlackPearl_MCU/Debug/BlackPearl_MCU.elf
----------------End of Script----------------

20:25:33 INFO  : Memory regions updated for context PA
20:25:33 INFO  : Memory regions updated for context MicroBlaze Debug Module at USER2
20:25:33 INFO  : Context for processor 'mcu_box_microblaze_0' is selected.
20:25:33 INFO  : 'con' command is executed.
20:25:33 INFO  : ----------------XSDB Script (After Launch)----------------
targets -set -nocase -filter {name =~ "microblaze*#0" && bscan=="USER2"  && jtag_cable_name =~ "Digilent JTAG-SMT2NC 210308AAF98A"} -index 0
con
----------------End of Script----------------

20:25:33 INFO  : Launch script is exported to file 'F:\BP_PROJ\BP_RD_SYS\BP_RD_SYS.sdk\.sdk\launch_scripts\xilinx_c-c++_application_(system_debugger)\system_debugger_using_debug_blackpearl_mcu.elf_on_local.tcl'
20:26:15 INFO  : Disconnected from the channel tcfchan#9.
20:26:16 INFO  : 'targets -set -filter {jtag_cable_name =~ "Digilent JTAG-SMT2NC 210308AAF98A" && level==0} -index 0' command is executed.
20:26:16 INFO  : 'fpga -state' command is executed.
20:26:16 INFO  : Connected to target on host '127.0.0.1' and port '3121'.
20:26:17 INFO  : Jtag cable 'Digilent JTAG-SMT2NC 210308AAF98A' is selected.
20:26:17 INFO  : 'jtag frequency' command is executed.
20:26:17 INFO  : 'configparams mdm-detect-bscan-mask 2' command is executed.
20:26:17 INFO  : Context for processor 'mcu_box_microblaze_0' is selected.
20:26:17 INFO  : Processor reset is completed for 'mcu_box_microblaze_0'.
20:26:17 INFO  : Context for processor 'mcu_box_microblaze_0' is selected.
20:26:17 INFO  : The application 'F:/BP_PROJ/BP_RD_SYS/BP_RD_SYS.sdk/BlackPearl_MCU/Debug/BlackPearl_MCU.elf' is downloaded to processor 'mcu_box_microblaze_0'.
20:26:17 INFO  : ----------------XSDB Script----------------
connect -url tcp:127.0.0.1:3121
configparams mdm-detect-bscan-mask 2
targets -set -nocase -filter {name =~ "microblaze*#0" && bscan=="USER2"  && jtag_cable_name =~ "Digilent JTAG-SMT2NC 210308AAF98A"} -index 0
rst -processor
targets -set -nocase -filter {name =~ "microblaze*#0" && bscan=="USER2"  && jtag_cable_name =~ "Digilent JTAG-SMT2NC 210308AAF98A"} -index 0
dow F:/BP_PROJ/BP_RD_SYS/BP_RD_SYS.sdk/BlackPearl_MCU/Debug/BlackPearl_MCU.elf
----------------End of Script----------------

20:26:17 INFO  : Memory regions updated for context PA
20:26:17 INFO  : Memory regions updated for context MicroBlaze Debug Module at USER2
20:26:17 INFO  : Context for processor 'mcu_box_microblaze_0' is selected.
20:26:17 INFO  : 'con' command is executed.
20:26:17 INFO  : ----------------XSDB Script (After Launch)----------------
targets -set -nocase -filter {name =~ "microblaze*#0" && bscan=="USER2"  && jtag_cable_name =~ "Digilent JTAG-SMT2NC 210308AAF98A"} -index 0
con
----------------End of Script----------------

20:26:17 INFO  : Launch script is exported to file 'F:\BP_PROJ\BP_RD_SYS\BP_RD_SYS.sdk\.sdk\launch_scripts\xilinx_c-c++_application_(system_debugger)\system_debugger_using_debug_blackpearl_mcu.elf_on_local.tcl'
20:27:09 INFO  : Disconnected from the channel tcfchan#10.
20:27:10 INFO  : 'targets -set -filter {jtag_cable_name =~ "Digilent JTAG-SMT2NC 210308AAF98A" && level==0} -index 0' command is executed.
20:27:10 INFO  : 'fpga -state' command is executed.
20:27:10 INFO  : Connected to target on host '127.0.0.1' and port '3121'.
20:27:10 INFO  : Jtag cable 'Digilent JTAG-SMT2NC 210308AAF98A' is selected.
20:27:10 INFO  : 'jtag frequency' command is executed.
20:27:10 INFO  : 'configparams mdm-detect-bscan-mask 2' command is executed.
20:27:10 INFO  : Context for processor 'mcu_box_microblaze_0' is selected.
20:27:10 INFO  : Processor reset is completed for 'mcu_box_microblaze_0'.
20:27:10 INFO  : Context for processor 'mcu_box_microblaze_0' is selected.
20:27:10 INFO  : The application 'F:/BP_PROJ/BP_RD_SYS/BP_RD_SYS.sdk/BlackPearl_MCU/Debug/BlackPearl_MCU.elf' is downloaded to processor 'mcu_box_microblaze_0'.
20:27:10 INFO  : ----------------XSDB Script----------------
connect -url tcp:127.0.0.1:3121
configparams mdm-detect-bscan-mask 2
targets -set -nocase -filter {name =~ "microblaze*#0" && bscan=="USER2"  && jtag_cable_name =~ "Digilent JTAG-SMT2NC 210308AAF98A"} -index 0
rst -processor
targets -set -nocase -filter {name =~ "microblaze*#0" && bscan=="USER2"  && jtag_cable_name =~ "Digilent JTAG-SMT2NC 210308AAF98A"} -index 0
dow F:/BP_PROJ/BP_RD_SYS/BP_RD_SYS.sdk/BlackPearl_MCU/Debug/BlackPearl_MCU.elf
----------------End of Script----------------

20:27:10 INFO  : Memory regions updated for context PA
20:27:10 INFO  : Memory regions updated for context MicroBlaze Debug Module at USER2
20:27:10 INFO  : Context for processor 'mcu_box_microblaze_0' is selected.
20:27:10 INFO  : 'con' command is executed.
20:27:10 INFO  : ----------------XSDB Script (After Launch)----------------
targets -set -nocase -filter {name =~ "microblaze*#0" && bscan=="USER2"  && jtag_cable_name =~ "Digilent JTAG-SMT2NC 210308AAF98A"} -index 0
con
----------------End of Script----------------

20:27:10 INFO  : Launch script is exported to file 'F:\BP_PROJ\BP_RD_SYS\BP_RD_SYS.sdk\.sdk\launch_scripts\xilinx_c-c++_application_(system_debugger)\system_debugger_using_debug_blackpearl_mcu.elf_on_local.tcl'
20:31:35 INFO  : Disconnected from the channel tcfchan#11.
20:31:36 INFO  : 'targets -set -filter {jtag_cable_name =~ "Digilent JTAG-SMT2NC 210308AAF98A" && level==0} -index 0' command is executed.
20:31:36 INFO  : 'fpga -state' command is executed.
20:31:36 INFO  : Connected to target on host '127.0.0.1' and port '3121'.
20:31:36 INFO  : Jtag cable 'Digilent JTAG-SMT2NC 210308AAF98A' is selected.
20:31:36 INFO  : 'jtag frequency' command is executed.
20:31:36 INFO  : 'configparams mdm-detect-bscan-mask 2' command is executed.
20:31:36 INFO  : Context for processor 'mcu_box_microblaze_0' is selected.
20:31:36 INFO  : Processor reset is completed for 'mcu_box_microblaze_0'.
20:31:36 INFO  : Context for processor 'mcu_box_microblaze_0' is selected.
20:31:36 INFO  : The application 'F:/BP_PROJ/BP_RD_SYS/BP_RD_SYS.sdk/BlackPearl_MCU/Debug/BlackPearl_MCU.elf' is downloaded to processor 'mcu_box_microblaze_0'.
20:31:36 INFO  : ----------------XSDB Script----------------
connect -url tcp:127.0.0.1:3121
configparams mdm-detect-bscan-mask 2
targets -set -nocase -filter {name =~ "microblaze*#0" && bscan=="USER2"  && jtag_cable_name =~ "Digilent JTAG-SMT2NC 210308AAF98A"} -index 0
rst -processor
targets -set -nocase -filter {name =~ "microblaze*#0" && bscan=="USER2"  && jtag_cable_name =~ "Digilent JTAG-SMT2NC 210308AAF98A"} -index 0
dow F:/BP_PROJ/BP_RD_SYS/BP_RD_SYS.sdk/BlackPearl_MCU/Debug/BlackPearl_MCU.elf
----------------End of Script----------------

20:31:37 INFO  : Memory regions updated for context PA
20:31:37 INFO  : Memory regions updated for context MicroBlaze Debug Module at USER2
20:31:37 INFO  : Context for processor 'mcu_box_microblaze_0' is selected.
20:31:37 INFO  : 'con' command is executed.
20:31:37 INFO  : ----------------XSDB Script (After Launch)----------------
targets -set -nocase -filter {name =~ "microblaze*#0" && bscan=="USER2"  && jtag_cable_name =~ "Digilent JTAG-SMT2NC 210308AAF98A"} -index 0
con
----------------End of Script----------------

20:31:37 INFO  : Launch script is exported to file 'F:\BP_PROJ\BP_RD_SYS\BP_RD_SYS.sdk\.sdk\launch_scripts\xilinx_c-c++_application_(system_debugger)\system_debugger_using_debug_blackpearl_mcu.elf_on_local.tcl'
20:37:32 INFO  : Disconnected from the channel tcfchan#12.
20:37:33 INFO  : 'targets -set -filter {jtag_cable_name =~ "Digilent JTAG-SMT2NC 210308AAF98A" && level==0} -index 0' command is executed.
20:37:33 INFO  : 'fpga -state' command is executed.
20:37:33 INFO  : Connected to target on host '127.0.0.1' and port '3121'.
20:37:33 INFO  : Jtag cable 'Digilent JTAG-SMT2NC 210308AAF98A' is selected.
20:37:33 INFO  : 'jtag frequency' command is executed.
20:37:33 INFO  : 'configparams mdm-detect-bscan-mask 2' command is executed.
20:37:33 INFO  : Context for processor 'mcu_box_microblaze_0' is selected.
20:37:33 INFO  : Processor reset is completed for 'mcu_box_microblaze_0'.
20:37:33 INFO  : Context for processor 'mcu_box_microblaze_0' is selected.
20:37:33 INFO  : The application 'F:/BP_PROJ/BP_RD_SYS/BP_RD_SYS.sdk/BlackPearl_MCU/Debug/BlackPearl_MCU.elf' is downloaded to processor 'mcu_box_microblaze_0'.
20:37:33 INFO  : ----------------XSDB Script----------------
connect -url tcp:127.0.0.1:3121
configparams mdm-detect-bscan-mask 2
targets -set -nocase -filter {name =~ "microblaze*#0" && bscan=="USER2"  && jtag_cable_name =~ "Digilent JTAG-SMT2NC 210308AAF98A"} -index 0
rst -processor
targets -set -nocase -filter {name =~ "microblaze*#0" && bscan=="USER2"  && jtag_cable_name =~ "Digilent JTAG-SMT2NC 210308AAF98A"} -index 0
dow F:/BP_PROJ/BP_RD_SYS/BP_RD_SYS.sdk/BlackPearl_MCU/Debug/BlackPearl_MCU.elf
----------------End of Script----------------

20:37:33 INFO  : Memory regions updated for context PA
20:37:33 INFO  : Memory regions updated for context MicroBlaze Debug Module at USER2
20:37:33 INFO  : Context for processor 'mcu_box_microblaze_0' is selected.
20:37:33 INFO  : 'con' command is executed.
20:37:33 INFO  : ----------------XSDB Script (After Launch)----------------
targets -set -nocase -filter {name =~ "microblaze*#0" && bscan=="USER2"  && jtag_cable_name =~ "Digilent JTAG-SMT2NC 210308AAF98A"} -index 0
con
----------------End of Script----------------

20:37:33 INFO  : Launch script is exported to file 'F:\BP_PROJ\BP_RD_SYS\BP_RD_SYS.sdk\.sdk\launch_scripts\xilinx_c-c++_application_(system_debugger)\system_debugger_using_debug_blackpearl_mcu.elf_on_local.tcl'
20:46:03 INFO  : Disconnected from the channel tcfchan#13.
20:46:04 INFO  : 'targets -set -filter {jtag_cable_name =~ "Digilent JTAG-SMT2NC 210308AAF98A" && level==0} -index 0' command is executed.
20:46:04 INFO  : 'fpga -state' command is executed.
20:46:04 INFO  : Connected to target on host '127.0.0.1' and port '3121'.
20:46:04 INFO  : Jtag cable 'Digilent JTAG-SMT2NC 210308AAF98A' is selected.
20:46:04 INFO  : 'jtag frequency' command is executed.
20:46:04 INFO  : 'configparams mdm-detect-bscan-mask 2' command is executed.
20:46:04 INFO  : Context for processor 'mcu_box_microblaze_0' is selected.
20:46:04 INFO  : Processor reset is completed for 'mcu_box_microblaze_0'.
20:46:04 INFO  : Context for processor 'mcu_box_microblaze_0' is selected.
20:46:04 INFO  : The application 'F:/BP_PROJ/BP_RD_SYS/BP_RD_SYS.sdk/BlackPearl_MCU/Debug/BlackPearl_MCU.elf' is downloaded to processor 'mcu_box_microblaze_0'.
20:46:04 INFO  : ----------------XSDB Script----------------
connect -url tcp:127.0.0.1:3121
configparams mdm-detect-bscan-mask 2
targets -set -nocase -filter {name =~ "microblaze*#0" && bscan=="USER2"  && jtag_cable_name =~ "Digilent JTAG-SMT2NC 210308AAF98A"} -index 0
rst -processor
targets -set -nocase -filter {name =~ "microblaze*#0" && bscan=="USER2"  && jtag_cable_name =~ "Digilent JTAG-SMT2NC 210308AAF98A"} -index 0
dow F:/BP_PROJ/BP_RD_SYS/BP_RD_SYS.sdk/BlackPearl_MCU/Debug/BlackPearl_MCU.elf
----------------End of Script----------------

20:46:04 INFO  : Memory regions updated for context PA
20:46:04 INFO  : Memory regions updated for context MicroBlaze Debug Module at USER2
20:46:04 INFO  : Context for processor 'mcu_box_microblaze_0' is selected.
20:46:04 INFO  : 'con' command is executed.
20:46:04 INFO  : ----------------XSDB Script (After Launch)----------------
targets -set -nocase -filter {name =~ "microblaze*#0" && bscan=="USER2"  && jtag_cable_name =~ "Digilent JTAG-SMT2NC 210308AAF98A"} -index 0
con
----------------End of Script----------------

20:46:04 INFO  : Launch script is exported to file 'F:\BP_PROJ\BP_RD_SYS\BP_RD_SYS.sdk\.sdk\launch_scripts\xilinx_c-c++_application_(system_debugger)\system_debugger_using_debug_blackpearl_mcu.elf_on_local.tcl'
14:35:41 INFO  : Registering command handlers for SDK TCF services
14:35:42 INFO  : Launching XSCT server: xsct.bat -interactive F:\BP_PROJ\BP_RD_SYS\BP_RD_SYS.sdk\temp_xsdb_launch_script.tcl
14:35:45 INFO  : XSCT server has started successfully.
14:35:47 INFO  : Successfully done setting XSCT server connection channel  
14:35:47 INFO  : Processing command line option -hwspec F:/BP_PROJ/BP_RD_SYS/BP_RD_SYS.sdk/SYS_wrapper.hdf.
14:35:47 INFO  : Successfully done setting SDK workspace  
14:35:47 INFO  : Checking for hwspec changes in the project SYS_wrapper_hw_platform_0.
14:36:22 INFO  : 'targets -set -filter {jtag_cable_name =~ "Digilent JTAG-SMT2NC 210308AAF98A" && level==0} -index 0' command is executed.
14:36:22 INFO  : 'fpga -state' command is executed.
14:36:22 INFO  : Connected to target on host '127.0.0.1' and port '3121'.
14:36:22 INFO  : Jtag cable 'Digilent JTAG-SMT2NC 210308AAF98A' is selected.
14:36:22 INFO  : 'jtag frequency' command is executed.
14:36:22 INFO  : 'configparams mdm-detect-bscan-mask 2' command is executed.
14:36:22 INFO  : Context for processor 'mcu_box_microblaze_0' is selected.
14:36:22 INFO  : Processor reset is completed for 'mcu_box_microblaze_0'.
14:36:22 INFO  : Context for processor 'mcu_box_microblaze_0' is selected.
14:36:22 INFO  : The application 'F:/BP_PROJ/BP_RD_SYS/BP_RD_SYS.sdk/BlackPearl_MCU/Debug/BlackPearl_MCU.elf' is downloaded to processor 'mcu_box_microblaze_0'.
14:36:22 INFO  : ----------------XSDB Script----------------
connect -url tcp:127.0.0.1:3121
configparams mdm-detect-bscan-mask 2
targets -set -nocase -filter {name =~ "microblaze*#0" && bscan=="USER2"  && jtag_cable_name =~ "Digilent JTAG-SMT2NC 210308AAF98A"} -index 0
rst -processor
targets -set -nocase -filter {name =~ "microblaze*#0" && bscan=="USER2"  && jtag_cable_name =~ "Digilent JTAG-SMT2NC 210308AAF98A"} -index 0
dow F:/BP_PROJ/BP_RD_SYS/BP_RD_SYS.sdk/BlackPearl_MCU/Debug/BlackPearl_MCU.elf
----------------End of Script----------------

14:36:22 INFO  : Memory regions updated for context PA
14:36:22 INFO  : Memory regions updated for context MicroBlaze Debug Module at USER2
14:36:22 INFO  : Context for processor 'mcu_box_microblaze_0' is selected.
14:36:22 INFO  : 'con' command is executed.
14:36:22 INFO  : ----------------XSDB Script (After Launch)----------------
targets -set -nocase -filter {name =~ "microblaze*#0" && bscan=="USER2"  && jtag_cable_name =~ "Digilent JTAG-SMT2NC 210308AAF98A"} -index 0
con
----------------End of Script----------------

14:36:22 INFO  : Launch script is exported to file 'F:\BP_PROJ\BP_RD_SYS\BP_RD_SYS.sdk\.sdk\launch_scripts\xilinx_c-c++_application_(system_debugger)\system_debugger_using_debug_blackpearl_mcu.elf_on_local.tcl'
17:38:11 INFO  : Disconnected from the channel tcfchan#1.
17:38:12 INFO  : 'targets -set -filter {jtag_cable_name =~ "Digilent JTAG-SMT2NC 210308AAF98A" && level==0} -index 0' command is executed.
17:38:12 INFO  : 'fpga -state' command is executed.
17:38:12 INFO  : Connected to target on host '127.0.0.1' and port '3121'.
17:38:12 INFO  : Jtag cable 'Digilent JTAG-SMT2NC 210308AAF98A' is selected.
17:38:12 INFO  : 'jtag frequency' command is executed.
17:38:12 INFO  : 'configparams mdm-detect-bscan-mask 2' command is executed.
17:38:12 INFO  : Context for processor 'mcu_box_microblaze_0' is selected.
17:38:12 INFO  : Processor reset is completed for 'mcu_box_microblaze_0'.
17:38:12 INFO  : Context for processor 'mcu_box_microblaze_0' is selected.
17:38:12 INFO  : The application 'F:/BP_PROJ/BP_RD_SYS/BP_RD_SYS.sdk/BlackPearl_MCU/Debug/BlackPearl_MCU.elf' is downloaded to processor 'mcu_box_microblaze_0'.
17:38:12 INFO  : ----------------XSDB Script----------------
connect -url tcp:127.0.0.1:3121
configparams mdm-detect-bscan-mask 2
targets -set -nocase -filter {name =~ "microblaze*#0" && bscan=="USER2"  && jtag_cable_name =~ "Digilent JTAG-SMT2NC 210308AAF98A"} -index 0
rst -processor
targets -set -nocase -filter {name =~ "microblaze*#0" && bscan=="USER2"  && jtag_cable_name =~ "Digilent JTAG-SMT2NC 210308AAF98A"} -index 0
dow F:/BP_PROJ/BP_RD_SYS/BP_RD_SYS.sdk/BlackPearl_MCU/Debug/BlackPearl_MCU.elf
----------------End of Script----------------

17:38:13 INFO  : Memory regions updated for context PA
17:38:13 INFO  : Memory regions updated for context MicroBlaze Debug Module at USER2
17:38:13 INFO  : Context for processor 'mcu_box_microblaze_0' is selected.
17:38:13 INFO  : 'con' command is executed.
17:38:13 INFO  : ----------------XSDB Script (After Launch)----------------
targets -set -nocase -filter {name =~ "microblaze*#0" && bscan=="USER2"  && jtag_cable_name =~ "Digilent JTAG-SMT2NC 210308AAF98A"} -index 0
con
----------------End of Script----------------

17:38:13 INFO  : Launch script is exported to file 'F:\BP_PROJ\BP_RD_SYS\BP_RD_SYS.sdk\.sdk\launch_scripts\xilinx_c-c++_application_(system_debugger)\system_debugger_using_debug_blackpearl_mcu.elf_on_local.tcl'
17:39:49 INFO  : Disconnected from the channel tcfchan#2.
17:39:50 INFO  : 'targets -set -filter {jtag_cable_name =~ "Digilent JTAG-SMT2NC 210308AAF98A" && level==0} -index 0' command is executed.
17:39:50 INFO  : 'fpga -state' command is executed.
17:39:50 INFO  : Connected to target on host '127.0.0.1' and port '3121'.
17:39:50 INFO  : Jtag cable 'Digilent JTAG-SMT2NC 210308AAF98A' is selected.
17:39:50 INFO  : 'jtag frequency' command is executed.
17:39:50 INFO  : 'configparams mdm-detect-bscan-mask 2' command is executed.
17:39:50 INFO  : Context for processor 'mcu_box_microblaze_0' is selected.
17:39:50 INFO  : Processor reset is completed for 'mcu_box_microblaze_0'.
17:39:50 INFO  : Context for processor 'mcu_box_microblaze_0' is selected.
17:39:50 INFO  : The application 'F:/BP_PROJ/BP_RD_SYS/BP_RD_SYS.sdk/BlackPearl_MCU/Debug/BlackPearl_MCU.elf' is downloaded to processor 'mcu_box_microblaze_0'.
17:39:50 INFO  : ----------------XSDB Script----------------
connect -url tcp:127.0.0.1:3121
configparams mdm-detect-bscan-mask 2
targets -set -nocase -filter {name =~ "microblaze*#0" && bscan=="USER2"  && jtag_cable_name =~ "Digilent JTAG-SMT2NC 210308AAF98A"} -index 0
rst -processor
targets -set -nocase -filter {name =~ "microblaze*#0" && bscan=="USER2"  && jtag_cable_name =~ "Digilent JTAG-SMT2NC 210308AAF98A"} -index 0
dow F:/BP_PROJ/BP_RD_SYS/BP_RD_SYS.sdk/BlackPearl_MCU/Debug/BlackPearl_MCU.elf
----------------End of Script----------------

17:39:50 INFO  : Memory regions updated for context PA
17:39:50 INFO  : Memory regions updated for context MicroBlaze Debug Module at USER2
17:39:50 INFO  : Context for processor 'mcu_box_microblaze_0' is selected.
17:39:50 INFO  : 'con' command is executed.
17:39:50 INFO  : ----------------XSDB Script (After Launch)----------------
targets -set -nocase -filter {name =~ "microblaze*#0" && bscan=="USER2"  && jtag_cable_name =~ "Digilent JTAG-SMT2NC 210308AAF98A"} -index 0
con
----------------End of Script----------------

17:39:50 INFO  : Launch script is exported to file 'F:\BP_PROJ\BP_RD_SYS\BP_RD_SYS.sdk\.sdk\launch_scripts\xilinx_c-c++_application_(system_debugger)\system_debugger_using_debug_blackpearl_mcu.elf_on_local.tcl'
19:43:56 INFO  : Disconnected from the channel tcfchan#3.
19:43:57 INFO  : 'targets -set -filter {jtag_cable_name =~ "Digilent JTAG-SMT2NC 210308AAF98A" && level==0} -index 0' command is executed.
19:43:57 INFO  : 'fpga -state' command is executed.
19:43:57 INFO  : Connected to target on host '127.0.0.1' and port '3121'.
19:43:57 INFO  : Jtag cable 'Digilent JTAG-SMT2NC 210308AAF98A' is selected.
19:43:57 INFO  : 'jtag frequency' command is executed.
19:43:57 INFO  : 'configparams mdm-detect-bscan-mask 2' command is executed.
19:43:57 INFO  : Context for processor 'mcu_box_microblaze_0' is selected.
19:43:57 INFO  : Processor reset is completed for 'mcu_box_microblaze_0'.
19:43:57 INFO  : Context for processor 'mcu_box_microblaze_0' is selected.
19:43:57 INFO  : The application 'F:/BP_PROJ/BP_RD_SYS/BP_RD_SYS.sdk/BlackPearl_MCU/Debug/BlackPearl_MCU.elf' is downloaded to processor 'mcu_box_microblaze_0'.
19:43:57 INFO  : ----------------XSDB Script----------------
connect -url tcp:127.0.0.1:3121
configparams mdm-detect-bscan-mask 2
targets -set -nocase -filter {name =~ "microblaze*#0" && bscan=="USER2"  && jtag_cable_name =~ "Digilent JTAG-SMT2NC 210308AAF98A"} -index 0
rst -processor
targets -set -nocase -filter {name =~ "microblaze*#0" && bscan=="USER2"  && jtag_cable_name =~ "Digilent JTAG-SMT2NC 210308AAF98A"} -index 0
dow F:/BP_PROJ/BP_RD_SYS/BP_RD_SYS.sdk/BlackPearl_MCU/Debug/BlackPearl_MCU.elf
----------------End of Script----------------

19:43:57 INFO  : Memory regions updated for context PA
19:43:57 INFO  : Memory regions updated for context MicroBlaze Debug Module at USER2
19:43:57 INFO  : Context for processor 'mcu_box_microblaze_0' is selected.
19:43:57 INFO  : 'con' command is executed.
19:43:57 INFO  : ----------------XSDB Script (After Launch)----------------
targets -set -nocase -filter {name =~ "microblaze*#0" && bscan=="USER2"  && jtag_cable_name =~ "Digilent JTAG-SMT2NC 210308AAF98A"} -index 0
con
----------------End of Script----------------

19:43:57 INFO  : Launch script is exported to file 'F:\BP_PROJ\BP_RD_SYS\BP_RD_SYS.sdk\.sdk\launch_scripts\xilinx_c-c++_application_(system_debugger)\system_debugger_using_debug_blackpearl_mcu.elf_on_local.tcl'
19:53:55 INFO  : Disconnected from the channel tcfchan#4.
19:53:56 INFO  : 'targets -set -filter {jtag_cable_name =~ "Digilent JTAG-SMT2NC 210308AAF98A" && level==0} -index 0' command is executed.
19:53:56 INFO  : 'fpga -state' command is executed.
19:53:56 INFO  : Connected to target on host '127.0.0.1' and port '3121'.
19:53:56 INFO  : Jtag cable 'Digilent JTAG-SMT2NC 210308AAF98A' is selected.
19:53:56 INFO  : 'jtag frequency' command is executed.
19:53:57 INFO  : 'configparams mdm-detect-bscan-mask 2' command is executed.
19:53:57 INFO  : Context for processor 'mcu_box_microblaze_0' is selected.
19:53:57 INFO  : Processor reset is completed for 'mcu_box_microblaze_0'.
19:53:57 INFO  : Context for processor 'mcu_box_microblaze_0' is selected.
19:53:57 INFO  : The application 'F:/BP_PROJ/BP_RD_SYS/BP_RD_SYS.sdk/BlackPearl_MCU/Debug/BlackPearl_MCU.elf' is downloaded to processor 'mcu_box_microblaze_0'.
19:53:57 INFO  : ----------------XSDB Script----------------
connect -url tcp:127.0.0.1:3121
configparams mdm-detect-bscan-mask 2
targets -set -nocase -filter {name =~ "microblaze*#0" && bscan=="USER2"  && jtag_cable_name =~ "Digilent JTAG-SMT2NC 210308AAF98A"} -index 0
rst -processor
targets -set -nocase -filter {name =~ "microblaze*#0" && bscan=="USER2"  && jtag_cable_name =~ "Digilent JTAG-SMT2NC 210308AAF98A"} -index 0
dow F:/BP_PROJ/BP_RD_SYS/BP_RD_SYS.sdk/BlackPearl_MCU/Debug/BlackPearl_MCU.elf
----------------End of Script----------------

19:53:57 INFO  : Memory regions updated for context PA
19:53:57 INFO  : Memory regions updated for context MicroBlaze Debug Module at USER2
19:53:57 INFO  : Context for processor 'mcu_box_microblaze_0' is selected.
19:53:57 INFO  : 'con' command is executed.
19:53:57 INFO  : ----------------XSDB Script (After Launch)----------------
targets -set -nocase -filter {name =~ "microblaze*#0" && bscan=="USER2"  && jtag_cable_name =~ "Digilent JTAG-SMT2NC 210308AAF98A"} -index 0
con
----------------End of Script----------------

19:53:57 INFO  : Launch script is exported to file 'F:\BP_PROJ\BP_RD_SYS\BP_RD_SYS.sdk\.sdk\launch_scripts\xilinx_c-c++_application_(system_debugger)\system_debugger_using_debug_blackpearl_mcu.elf_on_local.tcl'
20:01:35 INFO  : Disconnected from the channel tcfchan#5.
20:01:36 INFO  : 'targets -set -filter {jtag_cable_name =~ "Digilent JTAG-SMT2NC 210308AAF98A" && level==0} -index 0' command is executed.
20:01:37 INFO  : 'fpga -state' command is executed.
20:01:37 INFO  : Connected to target on host '127.0.0.1' and port '3121'.
20:01:37 INFO  : Jtag cable 'Digilent JTAG-SMT2NC 210308AAF98A' is selected.
20:01:37 INFO  : 'jtag frequency' command is executed.
20:01:37 INFO  : 'configparams mdm-detect-bscan-mask 2' command is executed.
20:01:37 INFO  : Context for processor 'mcu_box_microblaze_0' is selected.
20:01:37 INFO  : Processor reset is completed for 'mcu_box_microblaze_0'.
20:01:37 INFO  : Context for processor 'mcu_box_microblaze_0' is selected.
20:01:37 INFO  : The application 'F:/BP_PROJ/BP_RD_SYS/BP_RD_SYS.sdk/BlackPearl_MCU/Debug/BlackPearl_MCU.elf' is downloaded to processor 'mcu_box_microblaze_0'.
20:01:37 INFO  : ----------------XSDB Script----------------
connect -url tcp:127.0.0.1:3121
configparams mdm-detect-bscan-mask 2
targets -set -nocase -filter {name =~ "microblaze*#0" && bscan=="USER2"  && jtag_cable_name =~ "Digilent JTAG-SMT2NC 210308AAF98A"} -index 0
rst -processor
targets -set -nocase -filter {name =~ "microblaze*#0" && bscan=="USER2"  && jtag_cable_name =~ "Digilent JTAG-SMT2NC 210308AAF98A"} -index 0
dow F:/BP_PROJ/BP_RD_SYS/BP_RD_SYS.sdk/BlackPearl_MCU/Debug/BlackPearl_MCU.elf
----------------End of Script----------------

20:01:37 INFO  : Memory regions updated for context PA
20:01:37 INFO  : Memory regions updated for context MicroBlaze Debug Module at USER2
20:01:37 INFO  : Context for processor 'mcu_box_microblaze_0' is selected.
20:01:37 INFO  : 'con' command is executed.
20:01:37 INFO  : ----------------XSDB Script (After Launch)----------------
targets -set -nocase -filter {name =~ "microblaze*#0" && bscan=="USER2"  && jtag_cable_name =~ "Digilent JTAG-SMT2NC 210308AAF98A"} -index 0
con
----------------End of Script----------------

20:01:37 INFO  : Launch script is exported to file 'F:\BP_PROJ\BP_RD_SYS\BP_RD_SYS.sdk\.sdk\launch_scripts\xilinx_c-c++_application_(system_debugger)\system_debugger_using_debug_blackpearl_mcu.elf_on_local.tcl'
21:15:15 INFO  : Disconnected from the channel tcfchan#6.
21:15:16 INFO  : 'targets -set -filter {jtag_cable_name =~ "Digilent JTAG-SMT2NC 210308AAF98A" && level==0} -index 0' command is executed.
21:15:16 INFO  : 'fpga -state' command is executed.
21:15:16 INFO  : Connected to target on host '127.0.0.1' and port '3121'.
21:15:16 INFO  : Jtag cable 'Digilent JTAG-SMT2NC 210308AAF98A' is selected.
21:15:16 INFO  : 'jtag frequency' command is executed.
21:15:16 INFO  : 'configparams mdm-detect-bscan-mask 2' command is executed.
21:15:16 INFO  : Context for processor 'mcu_box_microblaze_0' is selected.
21:15:16 INFO  : Processor reset is completed for 'mcu_box_microblaze_0'.
21:15:16 INFO  : Context for processor 'mcu_box_microblaze_0' is selected.
21:15:17 INFO  : The application 'F:/BP_PROJ/BP_RD_SYS/BP_RD_SYS.sdk/BlackPearl_MCU/Debug/BlackPearl_MCU.elf' is downloaded to processor 'mcu_box_microblaze_0'.
21:15:17 INFO  : ----------------XSDB Script----------------
connect -url tcp:127.0.0.1:3121
configparams mdm-detect-bscan-mask 2
targets -set -nocase -filter {name =~ "microblaze*#0" && bscan=="USER2"  && jtag_cable_name =~ "Digilent JTAG-SMT2NC 210308AAF98A"} -index 0
rst -processor
targets -set -nocase -filter {name =~ "microblaze*#0" && bscan=="USER2"  && jtag_cable_name =~ "Digilent JTAG-SMT2NC 210308AAF98A"} -index 0
dow F:/BP_PROJ/BP_RD_SYS/BP_RD_SYS.sdk/BlackPearl_MCU/Debug/BlackPearl_MCU.elf
----------------End of Script----------------

21:15:17 INFO  : Memory regions updated for context PA
21:15:17 INFO  : Memory regions updated for context MicroBlaze Debug Module at USER2
21:15:17 INFO  : Context for processor 'mcu_box_microblaze_0' is selected.
21:15:17 INFO  : 'con' command is executed.
21:15:17 INFO  : ----------------XSDB Script (After Launch)----------------
targets -set -nocase -filter {name =~ "microblaze*#0" && bscan=="USER2"  && jtag_cable_name =~ "Digilent JTAG-SMT2NC 210308AAF98A"} -index 0
con
----------------End of Script----------------

21:15:17 INFO  : Launch script is exported to file 'F:\BP_PROJ\BP_RD_SYS\BP_RD_SYS.sdk\.sdk\launch_scripts\xilinx_c-c++_application_(system_debugger)\system_debugger_using_debug_blackpearl_mcu.elf_on_local.tcl'
21:24:04 INFO  : Disconnected from the channel tcfchan#7.
21:24:05 INFO  : 'targets -set -filter {jtag_cable_name =~ "Digilent JTAG-SMT2NC 210308AAF98A" && level==0} -index 0' command is executed.
21:24:05 INFO  : 'fpga -state' command is executed.
21:24:05 INFO  : Connected to target on host '127.0.0.1' and port '3121'.
21:24:05 INFO  : Jtag cable 'Digilent JTAG-SMT2NC 210308AAF98A' is selected.
21:24:05 INFO  : 'jtag frequency' command is executed.
21:24:05 INFO  : 'configparams mdm-detect-bscan-mask 2' command is executed.
21:24:05 INFO  : Context for processor 'mcu_box_microblaze_0' is selected.
21:24:05 INFO  : Processor reset is completed for 'mcu_box_microblaze_0'.
21:24:05 INFO  : Context for processor 'mcu_box_microblaze_0' is selected.
21:24:05 INFO  : The application 'F:/BP_PROJ/BP_RD_SYS/BP_RD_SYS.sdk/BlackPearl_MCU/Debug/BlackPearl_MCU.elf' is downloaded to processor 'mcu_box_microblaze_0'.
21:24:05 INFO  : ----------------XSDB Script----------------
connect -url tcp:127.0.0.1:3121
configparams mdm-detect-bscan-mask 2
targets -set -nocase -filter {name =~ "microblaze*#0" && bscan=="USER2"  && jtag_cable_name =~ "Digilent JTAG-SMT2NC 210308AAF98A"} -index 0
rst -processor
targets -set -nocase -filter {name =~ "microblaze*#0" && bscan=="USER2"  && jtag_cable_name =~ "Digilent JTAG-SMT2NC 210308AAF98A"} -index 0
dow F:/BP_PROJ/BP_RD_SYS/BP_RD_SYS.sdk/BlackPearl_MCU/Debug/BlackPearl_MCU.elf
----------------End of Script----------------

21:24:05 INFO  : Memory regions updated for context PA
21:24:05 INFO  : Memory regions updated for context MicroBlaze Debug Module at USER2
21:24:06 INFO  : Context for processor 'mcu_box_microblaze_0' is selected.
21:24:06 INFO  : 'con' command is executed.
21:24:06 INFO  : ----------------XSDB Script (After Launch)----------------
targets -set -nocase -filter {name =~ "microblaze*#0" && bscan=="USER2"  && jtag_cable_name =~ "Digilent JTAG-SMT2NC 210308AAF98A"} -index 0
con
----------------End of Script----------------

21:24:06 INFO  : Launch script is exported to file 'F:\BP_PROJ\BP_RD_SYS\BP_RD_SYS.sdk\.sdk\launch_scripts\xilinx_c-c++_application_(system_debugger)\system_debugger_using_debug_blackpearl_mcu.elf_on_local.tcl'
21:37:23 INFO  : Disconnected from the channel tcfchan#8.
21:37:25 INFO  : 'targets -set -filter {jtag_cable_name =~ "Digilent JTAG-SMT2NC 210308AAF98A" && level==0} -index 0' command is executed.
21:37:25 INFO  : 'fpga -state' command is executed.
21:37:25 INFO  : Connected to target on host '127.0.0.1' and port '3121'.
21:37:25 INFO  : Jtag cable 'Digilent JTAG-SMT2NC 210308AAF98A' is selected.
21:37:25 INFO  : 'jtag frequency' command is executed.
21:37:25 INFO  : 'configparams mdm-detect-bscan-mask 2' command is executed.
21:37:25 INFO  : Context for processor 'mcu_box_microblaze_0' is selected.
21:37:25 INFO  : Processor reset is completed for 'mcu_box_microblaze_0'.
21:37:25 INFO  : Context for processor 'mcu_box_microblaze_0' is selected.
21:37:25 INFO  : The application 'F:/BP_PROJ/BP_RD_SYS/BP_RD_SYS.sdk/BlackPearl_MCU/Debug/BlackPearl_MCU.elf' is downloaded to processor 'mcu_box_microblaze_0'.
21:37:25 INFO  : ----------------XSDB Script----------------
connect -url tcp:127.0.0.1:3121
configparams mdm-detect-bscan-mask 2
targets -set -nocase -filter {name =~ "microblaze*#0" && bscan=="USER2"  && jtag_cable_name =~ "Digilent JTAG-SMT2NC 210308AAF98A"} -index 0
rst -processor
targets -set -nocase -filter {name =~ "microblaze*#0" && bscan=="USER2"  && jtag_cable_name =~ "Digilent JTAG-SMT2NC 210308AAF98A"} -index 0
dow F:/BP_PROJ/BP_RD_SYS/BP_RD_SYS.sdk/BlackPearl_MCU/Debug/BlackPearl_MCU.elf
----------------End of Script----------------

21:37:25 INFO  : Memory regions updated for context PA
21:37:25 INFO  : Memory regions updated for context MicroBlaze Debug Module at USER2
21:37:25 INFO  : Context for processor 'mcu_box_microblaze_0' is selected.
21:37:25 INFO  : 'con' command is executed.
21:37:25 INFO  : ----------------XSDB Script (After Launch)----------------
targets -set -nocase -filter {name =~ "microblaze*#0" && bscan=="USER2"  && jtag_cable_name =~ "Digilent JTAG-SMT2NC 210308AAF98A"} -index 0
con
----------------End of Script----------------

21:37:25 INFO  : Launch script is exported to file 'F:\BP_PROJ\BP_RD_SYS\BP_RD_SYS.sdk\.sdk\launch_scripts\xilinx_c-c++_application_(system_debugger)\system_debugger_using_debug_blackpearl_mcu.elf_on_local.tcl'
21:38:43 INFO  : Disconnected from the channel tcfchan#9.
21:38:44 INFO  : 'targets -set -filter {jtag_cable_name =~ "Digilent JTAG-SMT2NC 210308AAF98A" && level==0} -index 0' command is executed.
21:38:44 INFO  : 'fpga -state' command is executed.
21:38:44 INFO  : Connected to target on host '127.0.0.1' and port '3121'.
21:38:44 INFO  : Jtag cable 'Digilent JTAG-SMT2NC 210308AAF98A' is selected.
21:38:44 INFO  : 'jtag frequency' command is executed.
21:38:44 INFO  : 'configparams mdm-detect-bscan-mask 2' command is executed.
21:38:44 INFO  : Context for processor 'mcu_box_microblaze_0' is selected.
21:38:44 INFO  : Processor reset is completed for 'mcu_box_microblaze_0'.
21:38:44 INFO  : Context for processor 'mcu_box_microblaze_0' is selected.
21:38:45 INFO  : The application 'F:/BP_PROJ/BP_RD_SYS/BP_RD_SYS.sdk/BlackPearl_MCU/Debug/BlackPearl_MCU.elf' is downloaded to processor 'mcu_box_microblaze_0'.
21:38:45 INFO  : ----------------XSDB Script----------------
connect -url tcp:127.0.0.1:3121
configparams mdm-detect-bscan-mask 2
targets -set -nocase -filter {name =~ "microblaze*#0" && bscan=="USER2"  && jtag_cable_name =~ "Digilent JTAG-SMT2NC 210308AAF98A"} -index 0
rst -processor
targets -set -nocase -filter {name =~ "microblaze*#0" && bscan=="USER2"  && jtag_cable_name =~ "Digilent JTAG-SMT2NC 210308AAF98A"} -index 0
dow F:/BP_PROJ/BP_RD_SYS/BP_RD_SYS.sdk/BlackPearl_MCU/Debug/BlackPearl_MCU.elf
----------------End of Script----------------

21:38:45 INFO  : Memory regions updated for context PA
21:38:45 INFO  : Memory regions updated for context MicroBlaze Debug Module at USER2
21:38:45 INFO  : Context for processor 'mcu_box_microblaze_0' is selected.
21:38:45 INFO  : 'con' command is executed.
21:38:45 INFO  : ----------------XSDB Script (After Launch)----------------
targets -set -nocase -filter {name =~ "microblaze*#0" && bscan=="USER2"  && jtag_cable_name =~ "Digilent JTAG-SMT2NC 210308AAF98A"} -index 0
con
----------------End of Script----------------

21:38:45 INFO  : Launch script is exported to file 'F:\BP_PROJ\BP_RD_SYS\BP_RD_SYS.sdk\.sdk\launch_scripts\xilinx_c-c++_application_(system_debugger)\system_debugger_using_debug_blackpearl_mcu.elf_on_local.tcl'
23:50:23 INFO  : Disconnected from the channel tcfchan#10.
09:53:15 INFO  : Registering command handlers for SDK TCF services
09:53:15 INFO  : Launching XSCT server: xsct.bat -interactive F:\BP_PROJ\BP_RD_SYS\BP_RD_SYS.sdk\temp_xsdb_launch_script.tcl
09:53:17 INFO  : XSCT server has started successfully.
09:53:19 INFO  : Successfully done setting XSCT server connection channel  
09:53:19 INFO  : Processing command line option -hwspec F:/BP_PROJ/BP_RD_SYS/BP_RD_SYS.sdk/SYS_wrapper.hdf.
09:53:19 INFO  : Successfully done setting SDK workspace  
09:53:19 INFO  : Checking for hwspec changes in the project SYS_wrapper_hw_platform_0.
09:53:51 INFO  : 'targets -set -filter {jtag_cable_name =~ "Digilent JTAG-SMT2NC 210308AAF98A" && level==0} -index 0' command is executed.
09:53:51 INFO  : 'fpga -state' command is executed.
09:53:51 INFO  : Connected to target on host '127.0.0.1' and port '3121'.
09:53:51 INFO  : Jtag cable 'Digilent JTAG-SMT2NC 210308AAF98A' is selected.
09:53:51 INFO  : 'jtag frequency' command is executed.
09:53:51 INFO  : 'configparams mdm-detect-bscan-mask 2' command is executed.
09:53:51 INFO  : Context for processor 'mcu_box_microblaze_0' is selected.
09:53:51 INFO  : Processor reset is completed for 'mcu_box_microblaze_0'.
09:53:51 INFO  : Context for processor 'mcu_box_microblaze_0' is selected.
09:53:52 INFO  : The application 'F:/BP_PROJ/BP_RD_SYS/BP_RD_SYS.sdk/BlackPearl_MCU/Debug/BlackPearl_MCU.elf' is downloaded to processor 'mcu_box_microblaze_0'.
09:53:52 INFO  : ----------------XSDB Script----------------
connect -url tcp:127.0.0.1:3121
configparams mdm-detect-bscan-mask 2
targets -set -nocase -filter {name =~ "microblaze*#0" && bscan=="USER2"  && jtag_cable_name =~ "Digilent JTAG-SMT2NC 210308AAF98A"} -index 0
rst -processor
targets -set -nocase -filter {name =~ "microblaze*#0" && bscan=="USER2"  && jtag_cable_name =~ "Digilent JTAG-SMT2NC 210308AAF98A"} -index 0
dow F:/BP_PROJ/BP_RD_SYS/BP_RD_SYS.sdk/BlackPearl_MCU/Debug/BlackPearl_MCU.elf
----------------End of Script----------------

09:53:52 INFO  : Memory regions updated for context PA
09:53:52 INFO  : Memory regions updated for context MicroBlaze Debug Module at USER2
09:53:52 INFO  : Context for processor 'mcu_box_microblaze_0' is selected.
09:53:52 INFO  : 'con' command is executed.
09:53:52 INFO  : ----------------XSDB Script (After Launch)----------------
targets -set -nocase -filter {name =~ "microblaze*#0" && bscan=="USER2"  && jtag_cable_name =~ "Digilent JTAG-SMT2NC 210308AAF98A"} -index 0
con
----------------End of Script----------------

09:53:52 INFO  : Launch script is exported to file 'F:\BP_PROJ\BP_RD_SYS\BP_RD_SYS.sdk\.sdk\launch_scripts\xilinx_c-c++_application_(system_debugger)\system_debugger_using_debug_blackpearl_mcu.elf_on_local.tcl'
14:24:54 INFO  : Registering command handlers for SDK TCF services
14:24:55 INFO  : Launching XSCT server: xsct.bat -interactive F:\BP_PROJ\BP_RD_SYS\BP_RD_SYS.sdk\temp_xsdb_launch_script.tcl
14:24:57 INFO  : XSCT server has started successfully.
14:24:59 INFO  : Successfully done setting XSCT server connection channel  
14:24:59 INFO  : Processing command line option -hwspec F:/BP_PROJ/BP_RD_SYS/BP_RD_SYS.sdk/SYS_wrapper.hdf.
14:24:59 INFO  : Successfully done setting SDK workspace  
14:24:59 INFO  : Checking for hwspec changes in the project SYS_wrapper_hw_platform_0.
14:25:02 INFO  : SDK has detected change in the last modified timestamps for source hardware specification file Source:1599657851124,  Project:1598555356069
14:25:02 INFO  : The hardware specification for project 'SYS_wrapper_hw_platform_0' is different from F:/BP_PROJ/BP_RD_SYS/BP_RD_SYS.sdk/SYS_wrapper.hdf.
14:25:02 INFO  : Copied contents of F:/BP_PROJ/BP_RD_SYS/BP_RD_SYS.sdk/SYS_wrapper.hdf into \SYS_wrapper_hw_platform_0\system.hdf.
14:25:04 INFO  : Synchronizing projects in the workspace with the hardware platform specification changes.
14:25:09 INFO  : 
14:25:09 INFO  : Updating hardware inferred compiler options for BlackPearl_MCU.
14:25:10 INFO  : Clearing existing target manager status.
14:25:10 INFO  : Workspace synchronized with the new hardware specification file. Cleaning dependent projects...
14:25:10 WARN  : Linker script will not be updated automatically. Users need to update it manually.
14:26:13 INFO  : 'targets -set -filter {jtag_cable_name =~ "Digilent JTAG-SMT2NC 210308AAF98A" && level==0} -index 0' command is executed.
14:26:13 INFO  : 'fpga -state' command is executed.
14:26:13 INFO  : Connected to target on host '127.0.0.1' and port '3121'.
14:26:13 INFO  : Jtag cable 'Digilent JTAG-SMT2NC 210308AAF98A' is selected.
14:26:13 INFO  : 'jtag frequency' command is executed.
14:26:13 INFO  : 'configparams mdm-detect-bscan-mask 2' command is executed.
14:26:13 INFO  : Context for processor 'mcu_box_microblaze_0' is selected.
14:26:13 INFO  : Processor reset is completed for 'mcu_box_microblaze_0'.
14:26:13 INFO  : Context for processor 'mcu_box_microblaze_0' is selected.
14:26:14 INFO  : The application 'F:/BP_PROJ/BP_RD_SYS/BP_RD_SYS.sdk/BlackPearl_MCU/Debug/BlackPearl_MCU.elf' is downloaded to processor 'mcu_box_microblaze_0'.
14:26:14 INFO  : ----------------XSDB Script----------------
connect -url tcp:127.0.0.1:3121
configparams mdm-detect-bscan-mask 2
targets -set -nocase -filter {name =~ "microblaze*#0" && bscan=="USER2"  && jtag_cable_name =~ "Digilent JTAG-SMT2NC 210308AAF98A"} -index 0
rst -processor
targets -set -nocase -filter {name =~ "microblaze*#0" && bscan=="USER2"  && jtag_cable_name =~ "Digilent JTAG-SMT2NC 210308AAF98A"} -index 0
dow F:/BP_PROJ/BP_RD_SYS/BP_RD_SYS.sdk/BlackPearl_MCU/Debug/BlackPearl_MCU.elf
----------------End of Script----------------

14:26:14 INFO  : Memory regions updated for context PA
14:26:14 INFO  : Memory regions updated for context MicroBlaze Debug Module at USER2
14:26:14 INFO  : Context for processor 'mcu_box_microblaze_0' is selected.
14:26:14 INFO  : 'con' command is executed.
14:26:14 INFO  : ----------------XSDB Script (After Launch)----------------
targets -set -nocase -filter {name =~ "microblaze*#0" && bscan=="USER2"  && jtag_cable_name =~ "Digilent JTAG-SMT2NC 210308AAF98A"} -index 0
con
----------------End of Script----------------

14:26:14 INFO  : Launch script is exported to file 'F:\BP_PROJ\BP_RD_SYS\BP_RD_SYS.sdk\.sdk\launch_scripts\xilinx_c-c++_application_(system_debugger)\system_debugger_using_debug_blackpearl_mcu.elf_on_local.tcl'
15:12:47 INFO  : Disconnected from the channel tcfchan#1.
21:16:33 INFO  : Registering command handlers for SDK TCF services
21:16:34 INFO  : Launching XSCT server: xsct.bat -interactive F:\BP_PROJ\BP_RD_SYS\BP_RD_SYS.sdk\temp_xsdb_launch_script.tcl
21:16:36 INFO  : XSCT server has started successfully.
21:16:36 INFO  : Successfully done setting XSCT server connection channel  
21:16:36 INFO  : Processing command line option -hwspec F:/BP_PROJ/BP_RD_SYS/BP_RD_SYS.sdk/SYS_wrapper.hdf.
21:16:36 INFO  : Successfully done setting SDK workspace  
21:16:36 INFO  : Checking for hwspec changes in the project SYS_wrapper_hw_platform_0.
21:19:17 INFO  : Connected to target on host '127.0.0.1' and port '3121'.
